C251 COMPILER V5.57.0,  Battery                                                            08/11/20  05:53:37  PAGE 1   


C251 COMPILER V5.57.0, COMPILATION OF MODULE Battery
OBJECT MODULE PLACED IN .\output\AB1520C_AiroStereoHeadset\Battery.obj
COMPILER INVOKED BY: C:\Keil_v5\C251\BIN\C251.EXE source\SDK\IOSYS\Battery.c XSMALL HPTR FUNCTIONS(REENTRANT) ROM(HUGE) 
                    -WARNINGLEVEL(3) OPTIMIZE(9,SPEED) BROWSE ORDER INCDIR(.\source\COMMON;.\source\SECTOR;.\source\ABSDRIVER;.\source\OS;.\s
                    -ource\HC;.\source\LM;.\source\LC;.\source\ROM;.\source\ROM\COMMON;.\source\ROM\OS;.\source\ROM\HC;.\source\ROM\LL;.\sour
                    -ce\ROM\LC;.\source\ROM\HAL;.\source\ROM\KERNEL;.\source\ROM\DRIVER;.\source\ROM\L2CAP;.\source\ROM\GAP;.\source\ROM\MMI_
                    -LE;.\source\ROM\SECTOR;.\source\ROM\SECTOR\Config0;.\source\SECTOR\Config0;.\source\SECTOR\Config1;.\source\SECTOR\DspDa
                    -ta;.\source\SECTOR\Runtime;.\source\SECTOR\VoiceData;.\source\SECTOR\SectorBoundary;.\source\SECTOR\ToolMisc) DEFINE(FLA
                    -SH_INIT=1,AB1520C,MIGRATE_ROM_TO_FLASH,DFU_LOADER_IN_BOOT_CODE,TWS_SETTINGS) DEBUG PRINT(.\LST\AB1520C_AiroStereoHeadset
                    -\Battery.lst) TABS(2) OBJECT(.\output\AB1520C_AiroStereoHeadset\Battery.obj) 

stmt  level    source

    1          #include "reside_flash.inc"
    2          
    3          #include "rc.h"
    4          #include "..\SDK_Proxy\SDK_Proxy.h"
    5          #include "..\MMI\MMI_Base.h"
    6          #include "..\MMI\MMI_ChgBat.h"
    7          
    8          #define SDK_BAT_MONITOR   0
    9          #define SDK_BAT_LOW_BAT_CB  0
   10          
   11          
   12          /*  SDK_Battery_GetLowBatLevel: get low battery level setting
   13           *  <output>
   14           *    U16 : battery level after calibration
   15           */
   16          PUBLIC U16 SDK_Battery_GetLowBatLevel(void)
   17          {
   18   1        return MMI_BAT_GetLowBatLevel();
   19   1      }
   20          
   21          /*  SDK_Battery_GetShutDownBatLevel: get shut down battery level setting
   22           *  <output>
   23           *    U16 : battery level after calibration
   24           */
   25          PUBLIC U16 SDK_Battery_GetShutDownBatLevel(void)
   26          {
   27   1        return MMI_BAT_GetShutDownBatLevel();
   28   1      }
   29          
   30          /*  SDK_Battery_IsVoltageBelow: check if current system battery level is lower than input battery level
   31           *  <input1> 
   32           *    U16 voltage : battery level 
   33           *  <output>
   34           *    BOOL    : TRUE-->Yes, FALSE-->No
   35           */
   36          PUBLIC BOOL SDK_Battery_IsVoltageBelow(U16 voltage)
   37          {
   38   1        return MMI_BAT_IsVoltageBelow(voltage);
   39   1      }
   40          
   41          /*  SDK_Battery_GetLevelInPercent: get voltage level in percentage
   42           *  <output>
   43           *    U8    : 0 - 100, (0% - 100%)
   44           */
   45          PUBLIC U8 SDK_Battery_GetLevelInPercent(void)
   46          {
   47   1        return MMI_BAT_GetLevelInPercent();
   48   1      }
   49          
   50          
   51          #if SDK_BAT_MONITOR
               /*  SDK_Battery_Polling: battery polling function to monitor battery level
C251 COMPILER V5.57.0,  Battery                                                            08/11/20  05:53:37  PAGE 2   

                */
               PRIVATE void SDK_Battery_Polling(void)
               {
                 if(SDK_Battery_IsVoltageBelow(MMI_BAT_GetLowBatLevel()))
                 {
                   //Low battery case
                   
                 }
               }
               #endif
   63          
   64          
   65          #if SDK_BAT_LOW_BAT_CB
               /*  SDK_CB_Battery_Low: callback function which is called in NDK when battery is lower than low battery l
             -evel
                */
               PRIVATE void SDK_CB_Battery_Low(void)
               {
                 
               }
               #endif
   73          
   74          PUBLIC void SDK_Battery_Init(void)
   75          {
   76   1      #if SDK_BAT_MONITOR
                 SDK_Proxy_RegisterPeriodicAPI(0, SDK_Battery_Polling, 30*ONE_SEC, FALSE);
               #endif
   79   1      #if SDK_BAT_LOW_BAT_CB
                 SDK_Proxy_RegisterAPI(API_GRP_IOSYS_CB_BAT_LOW, API_GRP_IOSYS, (VFUN)SDK_CB_Battery_Low);
               #endif
   82   1      }


Module Information          Static   Overlayable
------------------------------------------------
  code size            =    ------     ------
  ecode size           =        17     ------
  data size            =    ------     ------
  idata size           =    ------     ------
  pdata size           =    ------     ------
  xdata size           =    ------     ------
  xdata-const size     =    ------     ------
  edata size           =    ------     ------
  bit size             =    ------     ------
  ebit size            =    ------     ------
  bitaddressable size  =    ------     ------
  ebitaddressable size =    ------     ------
  far data size        =    ------     ------
  huge data size       =    ------     ------
  const size           =    ------     ------
  hconst size          =    ------     ------
End of Module Information.


C251 COMPILATION COMPLETE.  0 WARNING(S),  0 ERROR(S)
