C251 COMPILER V5.57.0,  SDK_Main                                                           08/11/20  05:53:47  PAGE 1   


C251 COMPILER V5.57.0, COMPILATION OF MODULE SDK_Main
OBJECT MODULE PLACED IN .\output\AB1520C_AiroStereoHeadset\SDK_Main.obj
COMPILER INVOKED BY: C:\Keil_v5\C251\BIN\C251.EXE source\SDK\BT\SDK_Main.c XSMALL HPTR FUNCTIONS(REENTRANT) ROM(HUGE) WA
                    -RNINGLEVEL(3) OPTIMIZE(9,SPEED) BROWSE ORDER INCDIR(.\source\COMMON;.\source\SECTOR;.\source\ABSDRIVER;.\source\OS;.\sou
                    -rce\HC;.\source\LM;.\source\LC;.\source\ROM;.\source\ROM\COMMON;.\source\ROM\OS;.\source\ROM\HC;.\source\ROM\LL;.\source
                    -\ROM\LC;.\source\ROM\HAL;.\source\ROM\KERNEL;.\source\ROM\DRIVER;.\source\ROM\L2CAP;.\source\ROM\GAP;.\source\ROM\MMI_LE
                    -;.\source\ROM\SECTOR;.\source\ROM\SECTOR\Config0;.\source\SECTOR\Config0;.\source\SECTOR\Config1;.\source\SECTOR\DspData
                    -;.\source\SECTOR\Runtime;.\source\SECTOR\VoiceData;.\source\SECTOR\SectorBoundary;.\source\SECTOR\ToolMisc) DEFINE(FLASH
                    -_INIT=1,AB1520C,MIGRATE_ROM_TO_FLASH,DFU_LOADER_IN_BOOT_CODE,TWS_SETTINGS) DEBUG PRINT(.\LST\AB1520C_AiroStereoHeadset\S
                    -DK_Main.lst) TABS(2) OBJECT(.\output\AB1520C_AiroStereoHeadset\SDK_Main.obj) 

stmt  level    source

    1          #include "reside_flash.inc"
    2          
    3          #include "rc.h"
    4          #include "..\SDK_Proxy\SDK_Proxy.h"
    5          #include "..\SDK\include\SDK_Config.h"
    6          
    7          
    8          #include "..\SDK\include\Key.h"
    9          #include "..\SDK\include\Fm_Hal.h"
   10          #include "..\SDK\include\IIC.h"
   11          #include "..\SDK\include\Charger.h"
   12          #include "..\SDK\include\Battery.h"
   13          #include "..\SDK\include\System.h"
   14          #include "..\SDK\include\Uart.h"
   15          #include "..\SDK\include\Uart_Hal.h"
   16          #include "..\SDK\include\FmDrv.h"
   17          #include "..\SDK\include\AmpDrv.h"
   18          #include "..\SDK\include\NvRam.h"
   19          #include "..\SDK\include\A2DP_VendorCodec.h"
   20          #include "..\SDK\include\SDK_HCI.h"
   21          #include "..\SDK\include\SDK_HFP.h"
   22          #include "..\SDK\include\SDK_A2DP.h"
   23          #include "..\SDK\include\SDK_AVRCP.h"
   24          #include "..\SDK\include\SDK_Profile.h"
   25          #include "..\SDK\include\Mem.h"
   26          #include "..\SDK\include\VendorProfile.h"
   27          #include "..\SDK\example\Pedometer\Pedometer.h"
   28          #include "..\SDK\include\SDK_AirAppCustomer.h"
   29          #include "..\SDK\include\SDK_SDP.h"
   30          
   31          void SDK_Init(void)
   32          {
   33   1          #if SDK_MEMORY_ALLOCATION
                   unsigned char *ucPtr;
                   #endif
   36   1          
   37   1        SDK_Key_Init();
   38   1        SDK_FM_Init();
   39   1        SDK_IIC_Init();
   40   1        SDK_Charger_Init();
   41   1        SDK_Battery_Init();
   42   1        SDK_System_Init();
   43   1        SDK_UART_Init();
   44   1        SDK_Uart_HAL_Init();
   45   1        SDK_FM_DRV_Init();
   46   1        SDK_AMP_DRV_Init();
   47   1      #if SDK_NV_RAM    
                 SDK_NVKEY_Init();
               #endif
   50   1        SDK_A2DP_VC_Init();
   51   1        SDK_HCI_Init();
   52   1        SDK_HFP_Init();
C251 COMPILER V5.57.0,  SDK_Main                                                           08/11/20  05:53:47  PAGE 2   

   53   1        SDK_Profile_Init();
   54   1        SDK_AVRCP_Init();
   55   1        SDK_A2DP_Init();
   56   1        SDK_AirAppCustomerInit();
   57   1        SDK_SDP_Init();
   58   1      
   59   1          #if SDK_MEMORY_ALLOCATION
                   ucPtr=SDK_Mem_Alloc(500);
                   if(!ucPtr){
                       LightDbgPrint("SDK_Mem_Alloc() NG");
                   }
                   else{
                       LightDbgPrint("SDK_Mem_Alloc() OK");
                       SDK_Mem_Free(ucPtr);
                   }
                   #endif
   69   1        #if VENDOR_PROFILE
                 SDK_VProfile_Init();
                 #endif
   72   1      
   73   1          #ifdef SDK_SUPPORTED_PEDOMETER
                   Pedometer_Init();
                   #endif
   76   1      }
   77          
   78          void SDK_Polling(void)
   79          {
   80   1        #if SDK_A2DP
                 SDK_A2DP_Polling();
                 #endif
   83   1      
   84   1        #ifdef SDK_SUPPORTED_PEDOMETER
                 Pedometer();
                 #endif
   87   1      }


Module Information          Static   Overlayable
------------------------------------------------
  code size            =    ------     ------
  ecode size           =        73     ------
  data size            =    ------     ------
  idata size           =    ------     ------
  pdata size           =    ------     ------
  xdata size           =    ------     ------
  xdata-const size     =    ------     ------
  edata size           =    ------     ------
  bit size             =    ------     ------
  ebit size            =    ------     ------
  bitaddressable size  =    ------     ------
  ebitaddressable size =    ------     ------
  far data size        =    ------     ------
  huge data size       =    ------     ------
  const size           =    ------     ------
  hconst size          =    ------     ------
End of Module Information.


C251 COMPILATION COMPLETE.  0 WARNING(S),  0 ERROR(S)
