C251 COMPILER V5.57.0,  sector_mmi_customize_v_nvram                                       08/11/20  05:51:35  PAGE 1   


C251 COMPILER V5.57.0, COMPILATION OF MODULE sector_mmi_customize_v_nvram
OBJECT MODULE PLACED IN .\output\AB1520C_AiroStereoHeadset\sector_mmi_customize_v_nvram.obj
COMPILER INVOKED BY: C:\Keil_v5\C251\BIN\C251.EXE source\SECTOR\sector_mmi_customize_v_nvram.c XSMALL HPTR FUNCTIONS(REE
                    -NTRANT) ROM(HUGE) WARNINGLEVEL(3) OPTIMIZE(9,SPEED) BROWSE ORDER INCDIR(.\source\COMMON;.\source\SECTOR;.\source\ABSDRIV
                    -ER;.\source\OS;.\source\HC;.\source\LM;.\source\LC;.\source\ROM;.\source\ROM\COMMON;.\source\ROM\OS;.\source\ROM\HC;.\so
                    -urce\ROM\LL;.\source\ROM\LC;.\source\ROM\HAL;.\source\ROM\KERNEL;.\source\ROM\DRIVER;.\source\ROM\L2CAP;.\source\ROM\GAP
                    -;.\source\ROM\MMI_LE;.\source\ROM\SECTOR;.\source\ROM\SECTOR\Config0;.\source\SECTOR\Config0;.\source\SECTOR\Config1;.\s
                    -ource\SECTOR\DspData;.\source\SECTOR\Runtime;.\source\SECTOR\VoiceData;.\source\SECTOR\SectorBoundary;.\source\SECTOR\To
                    -olMisc) DEFINE(FLASH_INIT=1,AB1520C,MIGRATE_ROM_TO_FLASH,DFU_LOADER_IN_BOOT_CODE,TWS_SETTINGS) DEBUG PRINT(.\LST\AB1520C
                    -_AiroStereoHeadset\sector_mmi_customize_v_nvram.lst) TABS(2) OBJECT(.\output\AB1520C_AiroStereoHeadset\sector_mmi_custom
                    -ize_v_nvram.obj) 

stmt  level    source

    1          #include <config.h>
    2          #include <cpu.h>
    3          #include "sector_mmi_customize_v_nvram.h"
    4          
    5          #ifndef AIR_UPDATE_DONGLE
    6          #pragma userclass (HCONST = MMI_C_V_NVRAM)
    7          
    8          PUBLIC MMI_CUSTOMIZE_DATA_STRU CODE gMMI_Customize_v_nvram_init =
    9          {
   10            {
   11              0, //reserve
   12            },
   13            {0,0} //CRC
   14          };
   15          #endif


Module Information          Static   Overlayable
------------------------------------------------
  code size            =    ------     ------
  ecode size           =    ------     ------
  data size            =    ------     ------
  idata size           =    ------     ------
  pdata size           =    ------     ------
  xdata size           =    ------     ------
  xdata-const size     =    ------     ------
  edata size           =    ------     ------
  bit size             =    ------     ------
  ebit size            =    ------     ------
  bitaddressable size  =    ------     ------
  ebitaddressable size =    ------     ------
  far data size        =    ------     ------
  huge data size       =    ------     ------
  const size           =    ------     ------
  hconst size          =      1026     ------
End of Module Information.


C251 COMPILATION COMPLETE.  0 WARNING(S),  0 ERROR(S)
