C251 COMPILER V5.57.0,  sector_ae_info                                                     08/11/20  05:51:29  PAGE 1   


C251 COMPILER V5.57.0, COMPILATION OF MODULE sector_ae_info
OBJECT MODULE PLACED IN .\output\AB1520C_AiroStereoHeadset\sector_ae_info.obj
COMPILER INVOKED BY: C:\Keil_v5\C251\BIN\C251.EXE source\SECTOR\sector_ae_info.c XSMALL HPTR FUNCTIONS(REENTRANT) ROM(HU
                    -GE) WARNINGLEVEL(3) OPTIMIZE(9,SPEED) BROWSE ORDER INCDIR(.\source\COMMON;.\source\SECTOR;.\source\ABSDRIVER;.\source\OS
                    -;.\source\HC;.\source\LM;.\source\LC;.\source\ROM;.\source\ROM\COMMON;.\source\ROM\OS;.\source\ROM\HC;.\source\ROM\LL;.\
                    -source\ROM\LC;.\source\ROM\HAL;.\source\ROM\KERNEL;.\source\ROM\DRIVER;.\source\ROM\L2CAP;.\source\ROM\GAP;.\source\ROM\
                    -MMI_LE;.\source\ROM\SECTOR;.\source\ROM\SECTOR\Config0;.\source\SECTOR\Config0;.\source\SECTOR\Config1;.\source\SECTOR\D
                    -spData;.\source\SECTOR\Runtime;.\source\SECTOR\VoiceData;.\source\SECTOR\SectorBoundary;.\source\SECTOR\ToolMisc) DEFINE
                    -(FLASH_INIT=1,AB1520C,MIGRATE_ROM_TO_FLASH,DFU_LOADER_IN_BOOT_CODE,TWS_SETTINGS) DEBUG PRINT(.\LST\AB1520C_AiroStereoHea
                    -dset\sector_ae_info.lst) TABS(2) OBJECT(.\output\AB1520C_AiroStereoHeadset\sector_ae_info.obj) 

stmt  level    source

    1          /*
    2           * AIROHA Bluetooth Device Firmware
    3           * COPYRIGHT (C) 2014 AIROHA TECHNOLOGY CORP. CO., LTD. ALL RIGHTS RESERVED
    4           *
    5           * sector_ae_info.c defines the LM parameters.
    6           *
    7           * Programmer : ChunYi@airoha.com.tw, Ext.3356
    8           */
    9          #include "config.h"
   10          #include "cpu.h"
   11          #include "sector_ae_info.h"
   12          
   13          #pragma userclass (HCONST = CONFIG)
   14          
   15          
   16          ////////////////////////////////////////////////////////////////////////////////
   17          // Global Variables ////////////////////////////////////////////////////////////
   18          ////////////////////////////////////////////////////////////////////////////////
   19          PUBLIC SECTOR_AE_INFO_STRU CODE gSector_AE_Info =
   20          {
   21              {
   22              {
   23                0, //Major Version
   24                0, //Minor Version
   25                0, //Build  Number
   26                0, //Revision Number      
   27              },
   28              
   29              {
   30                0, //Year
   31                0, //Month
   32                0, //Date
   33              },
   34              0, 0, 0, 0, 0, 0, 0, 0, 0, 0, 0, 0, 0, 0, 0, 0, 0, 0, 0, 0, 
   35              0, 0, 0, 0, 0, 0, 0, 0, 0, 0, 0, 0, 0, 0, 0, 0, 0, 0, 0, 0, 
   36              },
   37          
   38              //- CRC
   39              {0,0}
   40          };


Module Information          Static   Overlayable
------------------------------------------------
  code size            =    ------     ------
  ecode size           =    ------     ------
  data size            =    ------     ------
  idata size           =    ------     ------
  pdata size           =    ------     ------
  xdata size           =    ------     ------
  xdata-const size     =    ------     ------
  edata size           =    ------     ------
  bit size             =    ------     ------
C251 COMPILER V5.57.0,  sector_ae_info                                                     08/11/20  05:51:29  PAGE 2   

  ebit size            =    ------     ------
  bitaddressable size  =    ------     ------
  ebitaddressable size =    ------     ------
  far data size        =    ------     ------
  huge data size       =    ------     ------
  const size           =    ------     ------
  hconst size          =        51     ------
End of Module Information.


C251 COMPILATION COMPLETE.  0 WARNING(S),  0 ERROR(S)
