C251 COMPILER V5.57.0,  sector_mp_parameter_F                                              08/11/20  05:51:35  PAGE 1   


C251 COMPILER V5.57.0, COMPILATION OF MODULE sector_mp_parameter_F
OBJECT MODULE PLACED IN .\output\AB1520C_AiroStereoHeadset\sector_mp_parameter_F.obj
COMPILER INVOKED BY: C:\Keil_v5\C251\BIN\C251.EXE source\SECTOR\sector_mp_parameter_F.c XSMALL HPTR FUNCTIONS(REENTRANT)
                    - ROM(HUGE) WARNINGLEVEL(3) OPTIMIZE(9,SPEED) BROWSE ORDER INCDIR(.\source\COMMON;.\source\SECTOR;.\source\ABSDRIVER;.\so
                    -urce\OS;.\source\HC;.\source\LM;.\source\LC;.\source\ROM;.\source\ROM\COMMON;.\source\ROM\OS;.\source\ROM\HC;.\source\RO
                    -M\LL;.\source\ROM\LC;.\source\ROM\HAL;.\source\ROM\KERNEL;.\source\ROM\DRIVER;.\source\ROM\L2CAP;.\source\ROM\GAP;.\sour
                    -ce\ROM\MMI_LE;.\source\ROM\SECTOR;.\source\ROM\SECTOR\Config0;.\source\SECTOR\Config0;.\source\SECTOR\Config1;.\source\S
                    -ECTOR\DspData;.\source\SECTOR\Runtime;.\source\SECTOR\VoiceData;.\source\SECTOR\SectorBoundary;.\source\SECTOR\ToolMisc)
                    - DEFINE(FLASH_INIT=1,AB1520C,MIGRATE_ROM_TO_FLASH,DFU_LOADER_IN_BOOT_CODE,TWS_SETTINGS) DEBUG PRINT(.\LST\AB1520C_AiroSt
                    -ereoHeadset\sector_mp_parameter_F.lst) TABS(2) OBJECT(.\output\AB1520C_AiroStereoHeadset\sector_mp_parameter_F.obj) 

stmt  level    source

    1          /*
    2           * AIROHA Bluetooth Device Firmware
    3           * COPYRIGHT (C) 2014 AIROHA TECHNOLOGY CORP. CO., LTD. ALL RIGHTS RESERVED
    4           *
    5           * sector_mp_parameter_F.h defines the calibration parameters that added in flash code.
    6           *
    7           * Programmer : CharlesSu@airoha.com.tw, Ext.2882
    8           */
    9          #include "config.h"
   10          #include "cpu.h"
   11          #include "bt_config_profile.h"
   12          #include "sector_mp_parameter_F.h"
   13          
   14          #pragma userclass (HCONST = MP_PARAM_F)
   15          
   16          
   17          
   18          ////////////////////////////////////////////////////////////////////////////////
   19          // Global Variables ////////////////////////////////////////////////////////////
   20          ////////////////////////////////////////////////////////////////////////////////
   21          SECTOR_MP_PARAMETER_F_STRU CODE gSector_MpParameter_F =
   22          {
   23              {
   24                  0,
   25                {
   26                    {0xFF, 0, {{0, 0}, {0, 0}}, {{0, 0}, {0, 0}, {0, 0}, {0, 0}, {0, 0}},
   27                    },
   28                    {0xFF, 0, {{0, 0}, {0, 0}}, {{0, 0}, {0, 0}, {0, 0}, {0, 0}, {0, 0}},
   29                    },
   30                },
   31                {
   32                  0, 0, 0, 0, 0, 0, //two step charging
   33                },
   34                {
   35                  0, //enableNTCRatio
   36              10, // aioAverageCount
   37                  {
   38                0.63, 0.571, 0.476, 0.425, 0.361, 0.277
   39                  },
   40              {
   41                    2,
   42                    15,
   43                    14
   44              },
   45                },
   46                50, //discountNumber
   47                {
   48                  0, 0, 0, 0, 0, 0, 0, 0, 0, 0, 0, 0, 0 
   49                },
   50                0,
   51                {
   52                    0, //reserved
C251 COMPILER V5.57.0,  sector_mp_parameter_F                                              08/11/20  05:51:35  PAGE 2   

   53                },
   54                {
   55                    0, //Customer_Reserved1[15][32]
   56                },
   57          
   58                {
   59                    0, //Customer_Reserved2[30]
   60                },
   61          
   62              {
   63                  {0x66, 0x66, 0x66, 0x33, 0x03, 0xFF},       //Static Random Address - Fixed
   64                  #ifdef SUPPORT_STATIC_RANDOM_ADDRESS
   65                  LE_RANDOMBDADDR_FIXED,
   66                  #else
                       0,
                       #endif
   69              },
   70          
   71              },
   72          
   73            //- CRC
   74            {0,0}
   75          };


Module Information          Static   Overlayable
------------------------------------------------
  code size            =    ------     ------
  ecode size           =    ------     ------
  data size            =    ------     ------
  idata size           =    ------     ------
  pdata size           =    ------     ------
  xdata size           =    ------     ------
  xdata-const size     =    ------     ------
  edata size           =    ------     ------
  bit size             =    ------     ------
  ebit size            =    ------     ------
  bitaddressable size  =    ------     ------
  ebitaddressable size =    ------     ------
  far data size        =    ------     ------
  huge data size       =    ------     ------
  const size           =    ------     ------
  hconst size          =       670     ------
End of Module Information.


C251 COMPILATION COMPLETE.  0 WARNING(S),  0 ERROR(S)
