C251 COMPILER V5.57.0,  sector_sys_local_device_info                                       08/11/20  05:51:26  PAGE 1   


C251 COMPILER V5.57.0, COMPILATION OF MODULE sector_sys_local_device_info
OBJECT MODULE PLACED IN .\output\AB1520C_AiroStereoHeadset\sector_sys_local_device_info.obj
COMPILER INVOKED BY: C:\Keil_v5\C251\BIN\C251.EXE source\SECTOR\sector_sys_local_device_info.c XSMALL HPTR FUNCTIONS(REE
                    -NTRANT) ROM(HUGE) WARNINGLEVEL(3) OPTIMIZE(9,SPEED) BROWSE ORDER INCDIR(.\source\COMMON;.\source\SECTOR;.\source\ABSDRIV
                    -ER;.\source\OS;.\source\HC;.\source\LM;.\source\LC;.\source\ROM;.\source\ROM\COMMON;.\source\ROM\OS;.\source\ROM\HC;.\so
                    -urce\ROM\LL;.\source\ROM\LC;.\source\ROM\HAL;.\source\ROM\KERNEL;.\source\ROM\DRIVER;.\source\ROM\L2CAP;.\source\ROM\GAP
                    -;.\source\ROM\MMI_LE;.\source\ROM\SECTOR;.\source\ROM\SECTOR\Config0;.\source\SECTOR\Config0;.\source\SECTOR\Config1;.\s
                    -ource\SECTOR\DspData;.\source\SECTOR\Runtime;.\source\SECTOR\VoiceData;.\source\SECTOR\SectorBoundary;.\source\SECTOR\To
                    -olMisc) DEFINE(FLASH_INIT=1,AB1520C,MIGRATE_ROM_TO_FLASH,DFU_LOADER_IN_BOOT_CODE,TWS_SETTINGS) DEBUG PRINT(.\LST\AB1520C
                    -_AiroStereoHeadset\sector_sys_local_device_info.lst) TABS(2) OBJECT(.\output\AB1520C_AiroStereoHeadset\sector_sys_local_
                    -device_info.obj) 

stmt  level    source

    1          /*
    2           * AIROHA Bluetooth Device Firmware
    3           * COPYRIGHT (C) 2014 AIROHA TECHNOLOGY CORP. CO., LTD. ALL RIGHTS RESERVED
    4           *
    5           * sector_sys_local_device_info.c defines the local device informations.
    6           *
    7           * Programmer : CharlesSu@airoha.com.tw, Ext.2882
    8           */
    9          #include "rc.h"
   10          #include "bt_config_profile.h"
   11          #include "sector_sys_local_device_info.h"
   12          
   13          #pragma userclass (HCONST = CONFIG)
   14          
   15          
   16          //#define BT_VERSION_2_0
   17          
   18          ////////////////////////////////////////////////////////////////////////////////
   19          // Global Variables ////////////////////////////////////////////////////////////
   20          ////////////////////////////////////////////////////////////////////////////////
   21          SECTOR_SYS_LOCAL_DEVICE_INFO_STRU CODE gSector_SysLocalDeviceInfo =
   22          {
   23              {
   24                  AB1520_SERIES | 0x01,       //- AB1520
   25          
   26                  //- U8 class_of_device[3];
   27                  #if defined(HID_IIM_SOC)
                       {0x04 , 0x25, 0x00},
                       #elif defined (APP_KEYBOARD)
                       {0x40 , 0x25, 0x00},
                       #elif defined(HID_SOC)
                       {0x80 , 0x25, 0x00},
                       #else
   34                #ifdef A2DP_Profile
   35                      {0x04, 0x04, 0x24}, //A2DP, Little endia
   36                      #else
                           {0x04, 0x04, 0x20}, //Mono-Headset
                           #endif
   39                  #endif
   40          
   41                  //- HciVersion
   42                  0x20,
   43          
   44                  //- HciRevision
   45                  0x00, 0x00,
   46          
   47                  //- LmpVersion
   48                  #if (LM_LE_VERSION)
   49                  0x09,//5.0      //0x08,//4.2
   50                  #elif (LM_BR_EDR_VERSION)
                       0x09,//5.0      //0x08,//4.2
C251 COMPILER V5.57.0,  sector_sys_local_device_info                                       08/11/20  05:51:26  PAGE 2   

                       #endif
   53          
   54                  //- LmpCompId
   55                  0x94, 0x00,
   56          
   57                  //- LmpSubVersNr
   58                  0x32, 0x32,
   59          
   60                  //- LmpFeatures
   61              #if defined(AIR_UPDATE_DONGLE)
                   {
                           0xFB, 0xFE, 0x85, 0xFA, 0xD8, 0xBF, 0x73, 0x83,
                     0x07, 0x00, 0x00, 0x00, 0x00, 0x00, 0x00, 0x00,
                       },
                   #elif (LM_DUAL_VERSION)
   67              {
   68                      #ifdef CELT_MODULE
                           0xFF, 0xFE, 0x85, 0xFE, 0xDA, 0xBF, 0x7B, 0x83,
                           #else
   71                      0xFF, 0xFE, 0x8D, 0xFE, 0xD8, 0xBF, 0x7B, 0x83,
   72                      #endif
   73                      #ifdef KB_App
                           0x05, 0x00, 0x00, 0x00, 0x00, 0x00, 0x00, 0x00,
                           #else
   76                      0x07, 0x00, 0x00, 0x00, 0x00, 0x00, 0x00, 0x00,
   77                      #endif
   78                  },
   79              #elif (LM_BR_EDR_VERSION)
                   {
                           #ifdef CELT_MODULE
                           0xFF, 0xFE, 0x85, 0xFE, 0x9A, 0xBF, 0x79, 0x83,
                           #else
                           0xFF, 0xFE, 0x8D, 0xFE, 0x98, 0xBF, 0x79, 0x83,
                           #endif
                           0x01, 0x00, 0x00, 0x00, 0x00, 0x00, 0x00, 0x00,
                       },
                       #elif (LM_LE_VERSION)
                       {
                           0xfc, 0x02, 0x04, 0x38, 0x78, 0x1A, 0x19, 0x83,
                           0x06, 0x00, 0x00, 0x00, 0x00, 0x00, 0x00, 0x00,
                       },
                       #endif
   94          
   95                  {
   96                      {0x01, 0x00, 0x00, 0x00, 0x00, 0x00, 0x00, 0x00},   //LE_feature, LE encryption
   97                  },
   98                  #if 1
   99                  {
  100                      {0x0F, 0x00, 0x00, 0x00, 0x00, 0x00, 0x00, 0x00},   //LE_state
  101                  },
  102                  #endif
  103                  {
  104                      {0x06, 0x94, 0x00, 0x32, 0x22}, //LE_version
  105                  },
  106          
  107                  1,   //currentMaxPage
  108          
  109              #ifndef AB1520S //AB1520S do not support OTA update
  110              #ifdef ASIC_DBG_PORT
                   0x00, //bit0:EnableExtFlashOtaUpdate
                   #else
  113                  0x00, //bit0:EnableExtFlashOtaUpdate
  114              #endif
  115              #endif
  116              },
  117          
C251 COMPILER V5.57.0,  sector_sys_local_device_info                                       08/11/20  05:51:26  PAGE 3   

  118              //- CRC
  119              {0,0}
  120          };


Module Information          Static   Overlayable
------------------------------------------------
  code size            =    ------     ------
  ecode size           =    ------     ------
  data size            =    ------     ------
  idata size           =    ------     ------
  pdata size           =    ------     ------
  xdata size           =    ------     ------
  xdata-const size     =    ------     ------
  edata size           =    ------     ------
  bit size             =    ------     ------
  ebit size            =    ------     ------
  bitaddressable size  =    ------     ------
  ebitaddressable size =    ------     ------
  far data size        =    ------     ------
  huge data size       =    ------     ------
  const size           =    ------     ------
  hconst size          =        53     ------
End of Module Information.


C251 COMPILATION COMPLETE.  0 WARNING(S),  0 ERROR(S)
