C251 COMPILER V5.57.0,  sector_mmi_driver_variation_nvram_type                             08/11/20  05:51:33  PAGE 1   


C251 COMPILER V5.57.0, COMPILATION OF MODULE sector_mmi_driver_variation_nvram_type
OBJECT MODULE PLACED IN .\output\AB1520C_AiroStereoHeadset\sector_mmi_driver_variation_nvram_type.obj
COMPILER INVOKED BY: C:\Keil_v5\C251\BIN\C251.EXE source\SECTOR\sector_mmi_driver_variation_nvram_type.c XSMALL HPTR FUN
                    -CTIONS(REENTRANT) ROM(HUGE) WARNINGLEVEL(3) OPTIMIZE(9,SPEED) BROWSE ORDER INCDIR(.\source\COMMON;.\source\SECTOR;.\sour
                    -ce\ABSDRIVER;.\source\OS;.\source\HC;.\source\LM;.\source\LC;.\source\ROM;.\source\ROM\COMMON;.\source\ROM\OS;.\source\R
                    -OM\HC;.\source\ROM\LL;.\source\ROM\LC;.\source\ROM\HAL;.\source\ROM\KERNEL;.\source\ROM\DRIVER;.\source\ROM\L2CAP;.\sour
                    -ce\ROM\GAP;.\source\ROM\MMI_LE;.\source\ROM\SECTOR;.\source\ROM\SECTOR\Config0;.\source\SECTOR\Config0;.\source\SECTOR\C
                    -onfig1;.\source\SECTOR\DspData;.\source\SECTOR\Runtime;.\source\SECTOR\VoiceData;.\source\SECTOR\SectorBoundary;.\source
                    -\SECTOR\ToolMisc) DEFINE(FLASH_INIT=1,AB1520C,MIGRATE_ROM_TO_FLASH,DFU_LOADER_IN_BOOT_CODE,TWS_SETTINGS) DEBUG PRINT(.\L
                    -ST\AB1520C_AiroStereoHeadset\sector_mmi_driver_variation_nvram_type.lst) TABS(2) OBJECT(.\output\AB1520C_AiroStereoHeads
                    -et\sector_mmi_driver_variation_nvram_type.obj) 

stmt  level    source

    1          //////////////////////////////////////////////////////////
    2          // Copyright@ 2009 Airoha.  All right reserved.
    3          //////////////////////////////////////////////////////////
    4          #include <config.h>
    5          #include <cpu.h>
    6          #include "sector_mmi_driver_variation_nvram.h"
    7          
    8          #pragma userclass (HCONST = MMI_V_NVRAM)
    9          
   10          
   11          #if defined(HID_SOC)
               
               PUBLIC MMI_DRIVER_VARIATION_NVRAM_TYPE CODE gMMI_Driver_v_nvram_init =
               {
                 {
                   {
                     0, //Link key 1
                     {0x00, 0x00, 0x00, 0x00, 0x00, 0x00},
                     {0,0,0,0,0,0,0,0,0,0,0,0,0,0,0,0},
                     0
                   },
                   {0, {0, 0, 0, 0, 0, 0}, {0,0,0,0,0,0,0,0,0,0,0,0,0,0,0,0},0},//Link key 2
                   {0, {0, 0, 0, 0, 0, 0}, {0,0,0,0,0,0,0,0,0,0,0,0,0,0,0,0},0},//Link key 3
                   {0, {0, 0, 0, 0, 0, 0}, {0,0,0,0,0,0,0,0,0,0,0,0,0,0,0,0},0} //Link key 4
                 },
                 0,//current_key_index
                 MMI_EOF,//lastDevInd Test
                 {
                   0x00,//new_device
                 },
                 0x00,//auth_requirments
               
               };
               
               #elif defined(HEADSET_SOC)
   36          
   37          PUBLIC MMI_DRIVER_VARIATION_NVRAM_STRU CODE gMMI_Driver_v_nvram_init =
   38          {
   39            {
   40              MMI_SECTOR_DATA_VALID,
   41              {
   42                //non-zero init variables;
   43                {
   44                  MMI_DRIVER_VARIATION_NVRAM_NONZERO_DEFAULT_ISMISCENABLED, // isMiscEnabled
   45                  MMI_DRIVER_VARIATION_NVRAM_NONZERO_DEFAULT_FM_HISTORY_FREQ,//Fm history
   46                  MMI_DRIVER_VARIATION_NVRAM_NONZERO_DEFAULT_FMHISTORYVOL, //FMHistoryVol
   47                  MMI_DRIVER_VARIATION_NVRAM_NONZERO_DEFAULT_FMSMALLSTEPVOL, //FMSmallStepVol
   48                  MMI_DRIVER_VARIATION_NVRAM_NONZERO_DEFAULT_LINEINHISTORYVOL, // LineInHistoryVol
   49                  MMI_DRIVER_VARIATION_NVRAM_NONZERO_DEFAULT_LINEINSMALLSTEPVOL, //LineInSmallStepVol
   50                  MMI_DRIVER_VARIATION_NVRAM_NONZERO_DEFAULT_DEFAULTSCOSOUNDLEVEL,  //defaultSCOSoundLevel
   51                  0, //smallStepSoundLevelIdle
C251 COMPILER V5.57.0,  sector_mmi_driver_variation_nvram_type                             08/11/20  05:51:33  PAGE 2   

   52                  MMI_DRIVER_VARIATION_NVRAM_NONZERO_DEFAULT_VPLANGINDEX, //vpLangIndex
   53                  { //local_name
   54                    #ifdef SOUND_BAR
                         8, //len
                         {'S', 'O', 'U', 'N', 'D', 'B', 'A', 'R'},
                         #elif defined SCO_WOOFER
                         6, //len
                         {'W', 'O', 'O', 'F', 'E', 'R'},
                         #elif defined TWS_SETTINGS
   61                      #ifdef PRODUCT_TYPE_A
   62                        7, //len
   63                        {'A', 'i', 'r', 'o', 'S', '-', 'A'},
   64                      #elif defined PRODUCT_TYPE_K
                             7, //len
                             {'A', 'i', 'r', 'o', 'S', '-', 'K'},
                           #else
                             6, //len
                             {'T', 'W', 'S', 'Y', 'O', 'Y'},
                           #endif
   71                    #elif defined FAST_CONNECT_DONGLE
                         8, //len
                         {'F', 'C', 'D', 'O', 'N', 'G', 'L', 'E'},
                         #else
                         6, //len
                         {'A', 'I', 'R', 'O', 'H', 'A'},
                         #endif
   78                  },
   79                },
   80          
   81                {{0,0,0,0,0,0}, {0,0,0,0,0,0}}, //agInd[MAX_MULTI_POINT_NO];
   82                {0,0},    //PEQRecord
   83                {0,0},      //sectorMode 0->default PEQ, 1->custom PEQ
   84              },
   85              {
   86                {0, {{0, 0, 0, 0, 0, 0}, {0,0,0,0,0,0,0,0,0,0,0,0,0,0,0,0},0},{0,0,0},0,0,0,0,0,0},
   87                {0, {{0, 0, 0, 0, 0, 0}, {0,0,0,0,0,0,0,0,0,0,0,0,0,0,0,0},0},{0,0,0},0,0,0,0,0,0},
   88              }, //air_link_history_info
   89              {0, {{0x88, 0x99, 0xCC, 0x66, 0x00, 0x00}, {0,0,0,0,0,0,0,0,0,0,0,0,0,0,0,0},0},{0,0,0},0,0,0,0,0,0},//
             -fast_dongle_link_history_info
   90              {
   91                {0, {{0, 0, 0, 0, 0, 0}, {0,0,0,0,0,0,0,0,0,0,0,0,0,0,0,0},0},{0,0,0},0,0,0,0,0,0},
   92                {0, {{0, 0, 0, 0, 0, 0}, {0,0,0,0,0,0,0,0,0,0,0,0,0,0,0,0},0},{0,0,0},0,0,0,0,0,0},
   93                //{0, {{0, 0, 0, 0, 0, 0}, {0,0,0,0,0,0,0,0,0,0,0,0,0,0,0,0},0},{0,0,0},0,0,0,0,0,0},
   94                //{0, {{0, 0, 0, 0, 0, 0}, {0,0,0,0,0,0,0,0,0,0,0,0,0,0,0,0},0},{0,0,0},0,0,0,0,0,0},
   95              }, //link_history_info
   96            },
   97            {0,0} //CRC
   98          };
   99          
  100          #else
               
               PUBLIC U8 CODE gMMI_Driver_v_nvram_init =
               {
                 0
               };
               #endif


Module Information          Static   Overlayable
------------------------------------------------
  code size            =    ------     ------
  ecode size           =    ------     ------
  data size            =    ------     ------
  idata size           =    ------     ------
  pdata size           =    ------     ------
  xdata size           =    ------     ------
  xdata-const size     =    ------     ------
C251 COMPILER V5.57.0,  sector_mmi_driver_variation_nvram_type                             08/11/20  05:51:33  PAGE 3   

  edata size           =    ------     ------
  bit size             =    ------     ------
  ebit size            =    ------     ------
  bitaddressable size  =    ------     ------
  ebitaddressable size =    ------     ------
  far data size        =    ------     ------
  huge data size       =    ------     ------
  const size           =    ------     ------
  hconst size          =       503     ------
End of Module Information.


C251 COMPILATION COMPLETE.  0 WARNING(S),  0 ERROR(S)
