C251 COMPILER V5.57.0,  SPP_ServiceRecord                                                  08/11/20  05:53:17  PAGE 1   


C251 COMPILER V5.57.0, COMPILATION OF MODULE SPP_ServiceRecord
OBJECT MODULE PLACED IN .\output\AB1520C_AiroStereoHeadset\SPP_ServiceRecord.obj
COMPILER INVOKED BY: C:\Keil_v5\C251\BIN\C251.EXE source\SPP\SPP_ServiceRecord.c XSMALL HPTR FUNCTIONS(REENTRANT) ROM(HU
                    -GE) WARNINGLEVEL(3) OPTIMIZE(9,SPEED) BROWSE ORDER INCDIR(.\source\COMMON;.\source\SECTOR;.\source\ABSDRIVER;.\source\OS
                    -;.\source\HC;.\source\LM;.\source\LC;.\source\ROM;.\source\ROM\COMMON;.\source\ROM\OS;.\source\ROM\HC;.\source\ROM\LL;.\
                    -source\ROM\LC;.\source\ROM\HAL;.\source\ROM\KERNEL;.\source\ROM\DRIVER;.\source\ROM\L2CAP;.\source\ROM\GAP;.\source\ROM\
                    -MMI_LE;.\source\ROM\SECTOR;.\source\ROM\SECTOR\Config0;.\source\SECTOR\Config0;.\source\SECTOR\Config1;.\source\SECTOR\D
                    -spData;.\source\SECTOR\Runtime;.\source\SECTOR\VoiceData;.\source\SECTOR\SectorBoundary;.\source\SECTOR\ToolMisc) DEFINE
                    -(FLASH_INIT=1,AB1520C,MIGRATE_ROM_TO_FLASH,DFU_LOADER_IN_BOOT_CODE,TWS_SETTINGS) DEBUG PRINT(.\LST\AB1520C_AiroStereoHea
                    -dset\SPP_ServiceRecord.lst) TABS(2) OBJECT(.\output\AB1520C_AiroStereoHeadset\SPP_ServiceRecord.obj) 

stmt  level    source

    1          #include "reside_flash.inc"
    2          
    3          #include "..\SDAP\SDAP_Interface.h"
    4          #include "..\MMI\MMI_PSM.h"
    5          #include "..\MMI\MMI_SCN.h"
    6          
    7          #define VERSION_SPP   0x0102
    8          
    9          #ifdef SPP_Profile
   10          
   11          // ====================== SPP ======================
   12          
   13          ATTRDEF_ROM(spp, ServiceRecordHandle) = 
   14                { ATTRID(ATTRID_ServiceRecordHandle), ATTRLEN(5), SERVICE_HANDLE32(PROFILE_SERIAL_PORT) };
   15          ATTRDEF_ROM(spp, ServiceClassIdList) = 
   16                { ATTRID(ATTRID_ServiceClassIdList), ATTRLEN(5), DEDEF_SEQU8(3), SERVICE_UUID16(SERVICE_UUID_SERIAL_PO
             -RT) };
   17          ATTRDEF_ROM(spp, ProtocolDescriptorList) = 
   18                { ATTRID(ATTRID_ProtocolDescriptorList), ATTRLEN(14), DEDEF_SEQU8(12),
   19                                            DEDEF_SEQU8(3), PROTOCOL_UUID16(PROTOCOL_UUID_L2CAP),
   20                                            DEDEF_SEQU8(5), PROTOCOL_UUID16(PROTOCOL_UUID_RFCOMM), DEDEF_U8(SCN_SERIAL_PORT) };
   21          ATTRDEF_ROM(spp, ProfileDescriptorList) = 
   22                { ATTRID(ATTRID_ProfileDescriptorList), ATTRLEN(10), DEDEF_SEQU8(8), DEDEF_SEQU8(6), PROFILE_UUID16(PR
             -OFILE_UUID_SPP), VERSION_U16(VERSION_SPP) };
   23          ATTRDEF_ROM(spp, ServiceName) = 
   24                { ATTRID(ATTRID_ServiceName), ATTRLEN(12), DEDEF_TEXT8(10), 'S', 'e', 'r', 'i', 'a', 'l', 'P', 'o', 'r
             -', 't' };
   25          
   26          ATTRLISTDEF_ROM(spp) =
   27          {
   28            (SdpServiceAttributePtr) ATTRNAME(spp, ServiceRecordHandle),
   29            (SdpServiceAttributePtr) ATTRNAME(spp, ServiceClassIdList),
   30            (SdpServiceAttributePtr) ATTRNAME(spp, ProtocolDescriptorList),
   31            (SdpServiceAttributePtr) ATTRNAME(spp, ProfileDescriptorList),
   32            (SdpServiceAttributePtr) ATTRNAME(spp, ServiceName),
   33          };
   34          
   35          SRECORDDEF_ROM(spp) =
   36          {
   37            PROFILE_SERIAL_PORT,
   38            ATTRCOUNT(spp),
   39            (SdpServiceAttributeListPtr) ATTRLISTNAME(spp)
   40          };
   41          
   42          SdpServiceNode gSPP_ServiceNode = 
   43          {
   44            (SdpServiceRecordPtr) SRECORDNAME(&spp),
   45            NULL
   46          };
   47          
   48          #endif

C251 COMPILER V5.57.0,  SPP_ServiceRecord                                                  08/11/20  05:53:17  PAGE 2   


Module Information          Static   Overlayable
------------------------------------------------
  code size            =    ------     ------
  ecode size           =    ------     ------
  data size            =    ------     ------
  idata size           =    ------     ------
  pdata size           =    ------     ------
  xdata size           =    ------     ------
  xdata-const size     =    ------     ------
  edata size           =         6     ------
  bit size             =    ------     ------
  ebit size            =    ------     ------
  bitaddressable size  =    ------     ------
  ebitaddressable size =    ------     ------
  far data size        =    ------     ------
  huge data size       =    ------     ------
  const size           =    ------     ------
  hconst size          =        97     ------
End of Module Information.


C251 COMPILATION COMPLETE.  0 WARNING(S),  0 ERROR(S)
