C251 COMPILER V5.57.0,  voice_prompt_data_1                                                08/11/20  05:51:41  PAGE 1   


C251 COMPILER V5.57.0, COMPILATION OF MODULE voice_prompt_data_1
OBJECT MODULE PLACED IN .\output\AB1520C_AiroStereoHeadset\voice_prompt_data_1.obj
COMPILER INVOKED BY: C:\Keil_v5\C251\BIN\C251.EXE source\DRIVER\voice_prompt_data_1.c XSMALL HPTR FUNCTIONS(REENTRANT) R
                    -OM(HUGE) WARNINGLEVEL(3) OPTIMIZE(9,SPEED) BROWSE ORDER INCDIR(.\source\COMMON;.\source\SECTOR;.\source\ABSDRIVER;.\sour
                    -ce\OS;.\source\HC;.\source\LM;.\source\LC;.\source\ROM;.\source\ROM\COMMON;.\source\ROM\OS;.\source\ROM\HC;.\source\ROM\
                    -LL;.\source\ROM\LC;.\source\ROM\HAL;.\source\ROM\KERNEL;.\source\ROM\DRIVER;.\source\ROM\L2CAP;.\source\ROM\GAP;.\source
                    -\ROM\MMI_LE;.\source\ROM\SECTOR;.\source\ROM\SECTOR\Config0;.\source\SECTOR\Config0;.\source\SECTOR\Config1;.\source\SEC
                    -TOR\DspData;.\source\SECTOR\Runtime;.\source\SECTOR\VoiceData;.\source\SECTOR\SectorBoundary;.\source\SECTOR\ToolMisc) D
                    -EFINE(FLASH_INIT=1,AB1520C,MIGRATE_ROM_TO_FLASH,DFU_LOADER_IN_BOOT_CODE,TWS_SETTINGS) DEBUG PRINT(.\LST\AB1520C_AiroSter
                    -eoHeadset\voice_prompt_data_1.lst) TABS(2) OBJECT(.\output\AB1520C_AiroStereoHeadset\voice_prompt_data_1.obj) 

stmt  level    source

    1          
    2          #include "voice_prompt_ctl.h"
    3          
    4          #ifdef SUPPORT_VOICE_PROMPT
    5          
    6          #pragma userclass (HCONST = VO_DAT)
    7          
    8          
    9          #if VP_WB_ENABLE
               #pragma INCDIR(.\source\DRIVER\VP_DATA\WB)
               #else
   12          #pragma INCDIR(.\source\DRIVER\VP_DATA\NB)
   13          #endif
   14          
   15          
   16          ///////////////////////////////////////////////////////////////////////////
   17          //
   18          // Voice Prompt Data - Chinese
   19          //
   20          ///////////////////////////////////////////////////////////////////////////
   21          #if VOICE_LANG_CHI
   22          
   23          U8 CODE VP_DAT_DEF(_C, 0)[] = {
   24            #include <C_0.wav.txt>
   25          };
   26          U8 CODE VP_DAT_DEF(_C, 1)[] = {
   27            #include <C_1.wav.txt>
   28          };
   29          U8 CODE VP_DAT_DEF(_C, 2)[] = {
   30            #include <C_2.wav.txt>
   31          };
   32          U8 CODE VP_DAT_DEF(_C, 3)[] = {
   33            #include <C_3.wav.txt>
   34          };
   35          U8 CODE VP_DAT_DEF(_C, 4)[] = {
   36            #include <C_4.wav.txt>
   37          };
   38          U8 CODE VP_DAT_DEF(_C, 5)[] = {
   39            #include <C_5.wav.txt>
   40          };
   41          U8 CODE VP_DAT_DEF(_C, 6)[] = {
   42            #include <C_6.wav.txt>
   43          };
   44          U8 CODE VP_DAT_DEF(_C, 7)[] = {
   45            #include <C_7.wav.txt>
   46          };
   47          U8 CODE VP_DAT_DEF(_C, 8)[] = {
   48            #include <C_8.wav.txt>
   49          };
   50          U8 CODE VP_DAT_DEF(_C, 9)[] = {
   51            #include <C_9.wav.txt>
   52          };
C251 COMPILER V5.57.0,  voice_prompt_data_1                                                08/11/20  05:51:41  PAGE 2   

   53          U8 CODE VP_DAT_DEF(_C, BATTERY)[] = {
   54            #include <C_Battery.wav.txt>
   55          };
   56          U8 CODE VP_DAT_DEF(_C, BLUETOOTH_MODE)[] = {
   57            #include <C_Bluetooth_Mode.wav.txt>
   58          };
   59          U8 CODE VP_DAT_DEF(_C, CALL)[] = {
   60            #include <C_Call.wav.txt>
   61          };
   62          U8 CODE VP_DAT_DEF(_C, CALL_REJECTED)[] = {
   63            #include <C_Call_Rejected.wav.txt>
   64          };
   65          U8 CODE VP_DAT_DEF(_C, CALLER_ID_PREFIX)[] = {
   66            #include <C_CallerId_Prefix.wav.txt>
   67          };
   68          U8 CODE VP_DAT_DEF(_C, CALLER_ID_SUFFIX)[] = {
   69            #include <C_CallerId_Suffix.wav.txt>
   70          };
   71          U8 CODE VP_DAT_DEF(_C, CANCELLED)[] = {
   72            #include <C_Cancelled.wav.txt>
   73          };
   74          U8 CODE VP_DAT_DEF(_C, CHANNEL)[] = {
   75            #include <C_Channel.wav.txt>
   76          };
   77          U8 CODE VP_DAT_DEF(_C, CHINESE)[] = {
   78            #include <C_Chinese.wav.txt>
   79          };
   80          U8 CODE VP_DAT_DEF(_C, CONNECT)[] = {
   81            #include <C_Connect.wav.txt>
   82          };
   83          U8 CODE VP_DAT_DEF(_C, CONNECTED)[] = {
   84            #include <C_Connected.wav.txt>
   85          };
   86          U8 CODE VP_DAT_DEF(_C, DISCONNECTED)[] = {
   87            #include <C_Disconnected.wav.txt>
   88          };
   89          U8 CODE VP_DAT_DEF(_C, DOWN)[] = {
   90            #include <C_Down.wav.txt>
   91          };
   92          U8 CODE VP_DAT_DEF(_C, ENDED)[] = {
   93            #include <C_Ended.wav.txt>
   94          };
   95          U8 CODE VP_DAT_DEF(_C, FM)[] = {
   96            #include <C_FM.wav.txt>
   97          };
   98          U8 CODE VP_DAT_DEF(_C, FM_CHANN_PREFIX)[] = {
   99            #include <C_FM_Chann_Prefix.wav.txt>
  100          };
  101          U8 CODE VP_DAT_DEF(_C, FM_CHANN_SUFFIX)[] = {
  102            #include <C_FM_Chann_Suffix.wav.txt>
  103          };
  104          U8 CODE VP_DAT_DEF(_C, FM_MODE)[] = {
  105            #include <C_FM_Mode.wav.txt>
  106          };
  107          U8 CODE VP_DAT_DEF(_C, HIGH)[] = {
  108            #include <C_High.wav.txt>
  109          };
  110          U8 CODE VP_DAT_DEF(_C, INCOMING_CALL)[] = {
  111            #include <C_Incoming_call.wav.txt>
  112          };
  113          U8 CODE VP_DAT_DEF(_C, LEFT)[] = {
  114            #include <C_Left.wav.txt>
  115          };
  116          U8 CODE VP_DAT_DEF(_C, LINE_IN_MODE)[] = {
  117            #include <C_Line_In_Mode.wav.txt>
  118          };
C251 COMPILER V5.57.0,  voice_prompt_data_1                                                08/11/20  05:51:41  PAGE 3   

  119          U8 CODE VP_DAT_DEF(_C, LOW)[] = {
  120            #include <C_Low.wav.txt>
  121          };
  122          U8 CODE VP_DAT_DEF(_C, MEDIAN)[] = {
  123            #include <C_Median.wav.txt>
  124          };
  125          U8 CODE VP_DAT_DEF(_C, MULTI_POINT_MODE)[] = {
  126            #include <C_Multi_Point_Mode.wav.txt>
  127          };
  128          U8 CODE VP_DAT_DEF(_C, MUTE)[] = {
  129            #include <C_Mute.wav.txt>
  130          };
  131          U8 CODE VP_DAT_DEF(_C, OFF)[] = {
  132            #include <C_Off.wav.txt>
  133          };
  134          U8 CODE VP_DAT_DEF(_C, ON)[] = {
  135            #include <C_On.wav.txt>
  136          };
  137          U8 CODE VP_DAT_DEF(_C, PAIRING)[] = {
  138            #include <C_Pairing.wav.txt>
  139          };
  140          U8 CODE VP_DAT_DEF(_C, PAIRING_MODE)[] = {
  141            #include <C_Pairing_Mode.wav.txt>
  142          };
  143          U8 CODE VP_DAT_DEF(_C, PAUSE)[] = {
  144            #include <C_Pause.wav.txt>
  145          };
  146          U8 CODE VP_DAT_DEF(_C, PLEASE_CHARGE)[] = {
  147            #include <C_Please_charge.wav.txt>
  148          };
  149          U8 CODE VP_DAT_DEF(_C, POINT)[] = {
  150            #include <C_Point.wav.txt>
  151          };
  152          U8 CODE VP_DAT_DEF(_C, POWER_OFF)[] = {
  153            #include <C_Power_off.wav.txt>
  154          };
  155          U8 CODE VP_DAT_DEF(_C, POWER_ON)[] = {
  156            #include <C_Power_on.wav.txt>
  157          };
  158          U8 CODE VP_DAT_DEF(_C, RE_DIALING)[] = {
  159            #include <C_Re_dialing.wav.txt>
  160          };
  161          U8 CODE VP_DAT_DEF(_C, RIGHT)[] = {
  162            #include <C_Right.wav.txt>
  163          };
  164          U8 CODE VP_DAT_DEF(_C, SECOND_DEVICE)[] = {
  165            #include <C_Second_Device.wav.txt>
  166          };
  167          U8 CODE VP_DAT_DEF(_C, SEEK)[] = {
  168            #include <C_Seek.wav.txt>
  169          };
  170          U8 CODE VP_DAT_DEF(_C, SUCCESSFUL)[] = {
  171            #include <C_Successful.wav.txt>
  172          };
  173          U8 CODE VP_DAT_DEF(_C, UP)[] = {
  174            #include <C_Up.wav.txt>
  175          };
  176          U8 CODE VP_DAT_DEF(_C, VOICE_PROMPT)[] = {
  177            #include <C_Voice_prompt.wav.txt>
  178          };
  179          U8 CODE VP_DAT_DEF(_C, VOLUME_MAXIMUM)[] = {
  180            #include <C_Volume_Maximum.wav.txt>
  181          };
  182          #ifdef SUPPORT_VOICE_COMMAND
  183          U8 CODE VP_DAT_DEF(_C, WHAT_CAN_I_SAY)[] = {
  184            #include <C_What_Can_I_Say.wav.txt>
C251 COMPILER V5.57.0,  voice_prompt_data_1                                                08/11/20  05:51:41  PAGE 4   

  185          };
  186          U8 CODE VP_DAT_DEF(_C, CONNECTION_STATUS)[] = {
  187            #include <C_Connection_Status.wav.txt>
  188          };
  189          U8 CODE VP_DAT_DEF(_C, CHECK_BATTERY)[] = {
  190            #include <C_Check_Battery.wav.txt>
  191          };
  192          U8 CODE VP_DAT_DEF(_C, CANCEL)[] = {
  193            #include <C_Cancel.wav.txt>
  194          };
  195          U8 CODE VP_DAT_DEF(_C, VOICE_PROMPT_EXAMPLE)[] = {
  196            #include <C_Voice_Prompt_Example.wav.txt>
  197          };
  198          U8 CODE VP_DAT_DEF(_C, TAKE_THE_CALL)[] = {
  199            #include <C_Take_The_Call.wav.txt>
  200          };
  201          U8 CODE VP_DAT_DEF(_C, REJECT)[] = {
  202            #include <C_Reject.wav.txt>
  203          };
  204          U8 CODE VP_DAT_DEF(_C, REJECT_PHONE_CALL)[] = {
  205            #include <C_Reject_Phone_Call.wav.txt>
  206          };
  207          U8 CODE VP_DAT_DEF(_C, PAIRING_FOR_VC)[] = {
  208            #include <C_Pairing_For_VC.wav.txt>
  209          };
  210          U8 CODE VP_DAT_DEF(_C, LAST_CALL_OUT)[] = {
  211            #include <C_Last_Call_Out.wav.txt>
  212          };
  213          U8 CODE VP_DAT_DEF(_C, VOICE_DIAL_FOR_VC)[] = {
  214            #include <C_Voice_Dial_For_VC.wav.txt>
  215          };
  216          U8 CODE VP_DAT_DEF(_C, MAKE_A_CALL)[] = {
  217            #include <C_Make_A_Call.wav.txt>
  218          };
  219          U8 CODE VP_DAT_DEF(_C, CHECK_STATUS)[] = {
  220            #include <C_Check_Status.wav.txt>
  221          };
  222          U8 CODE VP_DAT_DEF(_C, RING_BACK)[] = {
  223            #include <C_Ring_Back.wav.txt>
  224          };
  225          U8 CODE VP_DAT_DEF(_C, BEEP)[] = {
  226            #include <C_BEEP.wav.txt>
  227          };
  228          
  229          #endif //SUPPORT_VOICE_COMMAND
  230          
  231          #endif //VOICE_LANG_CHI
  232          
  233          #endif //SUPPORT_VOICE_PROMPT


Module Information          Static   Overlayable
------------------------------------------------
  code size            =    ------     ------
  ecode size           =    ------     ------
  data size            =    ------     ------
  idata size           =    ------     ------
  pdata size           =    ------     ------
  xdata size           =    ------     ------
  xdata-const size     =    ------     ------
  edata size           =    ------     ------
  bit size             =    ------     ------
  ebit size            =    ------     ------
  bitaddressable size  =    ------     ------
  ebitaddressable size =    ------     ------
  far data size        =    ------     ------
  huge data size       =    ------     ------
C251 COMPILER V5.57.0,  voice_prompt_data_1                                                08/11/20  05:51:41  PAGE 5   

  const size           =    ------     ------
  hconst size          =     42421     ------
End of Module Information.


C251 COMPILATION COMPLETE.  0 WARNING(S),  0 ERROR(S)
