C251 COMPILER V5.57.0,  DSP_Status                                                         08/11/20  06:34:36  PAGE 1   


C251 COMPILER V5.57.0, COMPILATION OF MODULE DSP_Status
OBJECT MODULE PLACED IN .\output\AB1520D_AiroStereoHeadset\DSP_Status.obj
COMPILER INVOKED BY: C:\Keil_v5\C251\BIN\C251.EXE source\SDK\IOSYS\DSP_Status.c XSMALL HPTR FUNCTIONS(REENTRANT) ROM(HUG
                    -E) WARNINGLEVEL(3) OPTIMIZE(9,SPEED) BROWSE ORDER INCDIR(.\source\COMMON;.\source\SECTOR;.\source\ABSDRIVER;.\source\OS;
                    -.\source\HC;.\source\LM;.\source\LC;.\source\ROM;.\source\ROM\COMMON;.\source\ROM\OS;.\source\ROM\HC;.\source\ROM\LL;.\s
                    -ource\ROM\LC;.\source\ROM\HAL;.\source\ROM\KERNEL;.\source\ROM\DRIVER;.\source\ROM\L2CAP;.\source\ROM\GAP;.\source\ROM\M
                    -MI_LE;.\source\ROM\SECTOR;.\source\ROM\SECTOR\Config0;.\source\SECTOR\Config0;.\source\SECTOR\Config1;.\source\SECTOR\Ds
                    -pData;.\source\SECTOR\Runtime;.\source\SECTOR\VoiceData;.\source\SECTOR\SectorBoundary;.\source\SECTOR\ToolMisc) DEFINE(
                    -FLASH_INIT=1,AB1520D,MIGRATE_ROM_TO_FLASH,DFU_LOADER_IN_BOOT_CODE,TWS_SETTINGS) DEBUG PRINT(.\LST\AB1520D_AiroStereoHead
                    -set\DSP_Status.lst) TABS(2) OBJECT(.\output\AB1520D_AiroStereoHeadset\DSP_Status.obj) 

stmt  level    source

    1          #include "..\include\DSP_Status.h"
    2          
    3          extern DSP_PLAYING_STATUS DSP_Playing_Status(void);
    4          
    5          DSP_PLAYING_STATUS SDK_DSP_Playing_Status()
    6          {
    7   1        return DSP_Playing_Status();
    8   1      }


Module Information          Static   Overlayable
------------------------------------------------
  code size            =    ------     ------
  ecode size           =         4     ------
  data size            =    ------     ------
  idata size           =    ------     ------
  pdata size           =    ------     ------
  xdata size           =    ------     ------
  xdata-const size     =    ------     ------
  edata size           =    ------     ------
  bit size             =    ------     ------
  ebit size            =    ------     ------
  bitaddressable size  =    ------     ------
  ebitaddressable size =    ------     ------
  far data size        =    ------     ------
  huge data size       =    ------     ------
  const size           =    ------     ------
  hconst size          =    ------     ------
End of Module Information.


C251 COMPILATION COMPLETE.  0 WARNING(S),  0 ERROR(S)
