C251 COMPILER V5.57.0,  HFP_Core                                                           08/11/20  06:33:07  PAGE 1   


C251 COMPILER V5.57.0, COMPILATION OF MODULE HFP_Core
OBJECT MODULE PLACED IN .\output\AB1520D_AiroStereoHeadset\HFP_Core.obj
COMPILER INVOKED BY: C:\Keil_v5\C251\BIN\C251.EXE source\HFP\HFP_Core.c XSMALL HPTR FUNCTIONS(REENTRANT) ROM(HUGE) WARNI
                    -NGLEVEL(3) OPTIMIZE(9,SPEED) BROWSE ORDER INCDIR(.\source\COMMON;.\source\SECTOR;.\source\ABSDRIVER;.\source\OS;.\source
                    -\HC;.\source\LM;.\source\LC;.\source\ROM;.\source\ROM\COMMON;.\source\ROM\OS;.\source\ROM\HC;.\source\ROM\LL;.\source\RO
                    -M\LC;.\source\ROM\HAL;.\source\ROM\KERNEL;.\source\ROM\DRIVER;.\source\ROM\L2CAP;.\source\ROM\GAP;.\source\ROM\MMI_LE;.\
                    -source\ROM\SECTOR;.\source\ROM\SECTOR\Config0;.\source\SECTOR\Config0;.\source\SECTOR\Config1;.\source\SECTOR\DspData;.\
                    -source\SECTOR\Runtime;.\source\SECTOR\VoiceData;.\source\SECTOR\SectorBoundary;.\source\SECTOR\ToolMisc) DEFINE(FLASH_IN
                    -IT=1,AB1520D,MIGRATE_ROM_TO_FLASH,DFU_LOADER_IN_BOOT_CODE,TWS_SETTINGS) DEBUG PRINT(.\LST\AB1520D_AiroStereoHeadset\HFP_
                    -Core.lst) TABS(2) OBJECT(.\output\AB1520D_AiroStereoHeadset\HFP_Core.obj) 

stmt  level    source

    1          //////////////////////////////////////////////////////////
    2          // Copyright@ 2009 Airoha.  All right reserved.
    3          //////////////////////////////////////////////////////////
    4          #include "reside_flash.inc"
    5          
    6          #define _HFP_CORE_C_
    7          
    8          
    9          #include "os.h"
   10          #include "bt_config_profile.h"
   11          
   12          #ifdef HFP_Profile
   13          #include "..\MMI\MMI.h"
   14          #include "..\MMI\MMI_HFP.h"
   15          #include "..\RFCOMM\RFCOMM_interface.h"
   16          #include "..\HC\HC_interface.h"
   17          
   18          #include "HFP_interface.h"
   19          #include "HFP.h"
   20          
   21          PUBLIC U8 XDATA_PTR HFP_FindToken (U8 XDATA_PTR ptr1, U8 token)
   22          {
   23   1        while( *ptr1 != AT_CR && *ptr1 != token )
   24   1        { 
   25   2          ptr1++;
   26   2        }
   27   1        return ptr1;  
   28   1      }
   29          
   30          PUBLIC U8 XDATA_PTR HFP_FindComma (U8 XDATA_PTR ptr1)
   31          {
   32   1        return HFP_FindToken(ptr1, ',');
   33   1      }
   34          
   35          PUBLIC U8 XDATA_PTR HFP_FindColon (U8 XDATA_PTR ptr1)
   36          {
   37   1        return HFP_FindToken(ptr1, ':');
   38   1      }
   39          
   40          PUBLIC U8 XDATA_PTR HFP_U16_To_ASCII(U8 XDATA_PTR dst, U16 number)
   41          {
   42   1        U8 XDATA_PTR src;
   43   1        U8 LDATA tmp_data_to_ascii[5]; //reverse  
   44   1        
   45   1        OSMEM_memset_xdata((U8 XDATA_PTR)tmp_data_to_ascii, 0, sizeof(tmp_data_to_ascii));  
   46   1        
   47   1        //src: tmp_number_data
   48   1        src = (U8 XDATA_PTR)tmp_data_to_ascii;         
   49   1        
   50   1        //Generate Decimal array, zero then skip          
   51   1        do
   52   1        {
C251 COMPILER V5.57.0,  HFP_Core                                                           08/11/20  06:33:07  PAGE 2   

   53   2          *src++ = number % 10;
   54   2          number = number / 10; 
   55   2        } while( number );
   56   1      
   57   1        //Decimal to ASCII, copy data to code array 
   58   1        while( src != (U8 XDATA_PTR)tmp_data_to_ascii ) 
   59   1        {
   60   2          *dst++ = HFP_DIGIT_TO_CHAR(*(--src));
   61   2        }
   62   1        
   63   1        return dst;
   64   1      }
   65          
   66          PUBLIC U16 HFP_ASCII_TO_U16 (U8 XDATA_PTR ptr1)
   67          { 
   68   1        U16 value = 0;
   69   1      
   70   1        while( *ptr1 != AT_CR && *ptr1 != ',' && *ptr1 != ')' )
   71   1        { 
   72   2          value = value * 10 + HFP_CHAR_TO_DIGIT(*ptr1);
   73   2          ptr1++;
   74   2        }
   75   1      
   76   1        return value;
   77   1      }
   78          
   79          //Modified by Eric Chou, Vanessa Kuo, 2011.3.17
   80          //For IVT 2.7.0.35, ignore '-' & '_' in result code.
   81          PUBLIC U8 AT_CompareString (U8 XDATA_PTR strPtr, U8 CODE_PTR c_ptr, U8 length)
   82          {
   83   1        while (length-- && *c_ptr != 0x00)
   84   1        {
   85   2          switch (*strPtr)
   86   2          {
   87   3            case '_':
   88   3            case '-':
   89   3              strPtr++;
   90   3              break;
   91   3      
   92   3            default:
   93   3              if (*strPtr != *c_ptr) 
   94   3              {
   95   4                return AT_EOF;
   96   4              }
   97   3              else
   98   3              {
   99   4                  strPtr++;
  100   4                c_ptr++;  
  101   4              }
  102   3              break;
  103   3          }
  104   2        }
  105   1        return 0;
  106   1      }
  107          
  108          PUBLIC void AT_UpperCaseAndEliminateSpace (U8 XDATA_PTR src, U16 length)
  109          {
  110   1        U8 XDATA_PTR dst = src;
  111   1        U8 sep = 0;
  112   1        
  113   1        //Eliminate Space and transfer to Upper Case
  114   1        while (length)
  115   1        {
  116   2          if (sep == 0)
  117   2          {
  118   3            while (length)
C251 COMPILER V5.57.0,  HFP_Core                                                           08/11/20  06:33:07  PAGE 3   

  119   3            {
  120   4              length--; //do not the location of this statement
  121   4              if (*src == '"')
  122   4              {
  123   5                sep = *src;
  124   5                *dst++ = *src++;
  125   5                break;
  126   5              }
  127   4              else if (*src == ' ')
  128   4              {
  129   5                src++; //discard
  130   5              }
  131   4              else if (*src >= 'a' && *src <= 'z')
  132   4              {
  133   5                *dst++ = *src++ - ('a' - 'A');
  134   5              }
  135   4              else
  136   4              {
  137   5                *dst++ = *src++;
  138   5              }
  139   4            }
  140   3          }
  141   2          else
  142   2          {
  143   3            while (length)
  144   3            {
  145   4              length--; //do not the location of this statement
  146   4              if (*src == sep)
  147   4              {
  148   5                sep = 0;
  149   5                *dst++ = *src++;
  150   5                break;
  151   5              }
  152   4              else
  153   4              {
  154   5                *dst++ = *src++;
  155   5              }
  156   4            }
  157   3          }
  158   2        }
  159   1      }
  160          
  161          #ifdef HFP_AG_Profile
                 #include "HFP_Core_AG.c"
               #else
  164            #include "HFP_Core_HF.c"
  165          #endif
  166          
  167          #endif //HFP_Profile


Module Information          Static   Overlayable
------------------------------------------------
  code size            =    ------     ------
  ecode size           =      7224     ------
  data size            =    ------     ------
  idata size           =    ------     ------
  pdata size           =    ------     ------
  xdata size           =    ------     ------
  xdata-const size     =    ------     ------
  edata size           =    ------     ------
  bit size             =    ------     ------
  ebit size            =    ------     ------
  bitaddressable size  =    ------     ------
  ebitaddressable size =    ------     ------
  far data size        =    ------     ------
  huge data size       =    ------     ------
C251 COMPILER V5.57.0,  HFP_Core                                                           08/11/20  06:33:07  PAGE 4   

  const size           =    ------     ------
  hconst size          =      1154     ------
End of Module Information.


C251 COMPILATION COMPLETE.  0 WARNING(S),  0 ERROR(S)
