C251 COMPILER V5.57.0,  Pio                                                                08/11/20  06:34:25  PAGE 1   


C251 COMPILER V5.57.0, COMPILATION OF MODULE Pio
OBJECT MODULE PLACED IN .\output\AB1520D_AiroStereoHeadset\Pio.obj
COMPILER INVOKED BY: C:\Keil_v5\C251\BIN\C251.EXE source\SDK\IOSYS\Pio.c XSMALL HPTR FUNCTIONS(REENTRANT) ROM(HUGE) WARN
                    -INGLEVEL(3) OPTIMIZE(9,SPEED) BROWSE ORDER INCDIR(.\source\COMMON;.\source\SECTOR;.\source\ABSDRIVER;.\source\OS;.\sourc
                    -e\HC;.\source\LM;.\source\LC;.\source\ROM;.\source\ROM\COMMON;.\source\ROM\OS;.\source\ROM\HC;.\source\ROM\LL;.\source\R
                    -OM\LC;.\source\ROM\HAL;.\source\ROM\KERNEL;.\source\ROM\DRIVER;.\source\ROM\L2CAP;.\source\ROM\GAP;.\source\ROM\MMI_LE;.
                    -\source\ROM\SECTOR;.\source\ROM\SECTOR\Config0;.\source\SECTOR\Config0;.\source\SECTOR\Config1;.\source\SECTOR\DspData;.
                    -\source\SECTOR\Runtime;.\source\SECTOR\VoiceData;.\source\SECTOR\SectorBoundary;.\source\SECTOR\ToolMisc) DEFINE(FLASH_I
                    -NIT=1,AB1520D,MIGRATE_ROM_TO_FLASH,DFU_LOADER_IN_BOOT_CODE,TWS_SETTINGS) DEBUG PRINT(.\LST\AB1520D_AiroStereoHeadset\Pio
                    -.lst) TABS(2) OBJECT(.\output\AB1520D_AiroStereoHeadset\Pio.obj) 

stmt  level    source

    1          #include "reside_flash.inc"
    2          
    3          #include "rc.h"
    4          #include "drv_gpio_flash.h"
    5          
    6          
    7          void SDK_GPIO_SetIO(U8 isOutputPin, U8 isHigh, U8 ioID)
    8          {
    9   1        DRV_GPIO_F_SetIOStatus(isOutputPin, isHigh, ioID);
   10   1      }
   11          
   12          U8 SDK_GPIO_GetInputHighLow(U8 ioID)
   13          {
   14   1        return DRV_GPIO_F_GetIOStatus(ioID);
   15   1      }


Module Information          Static   Overlayable
------------------------------------------------
  code size            =    ------     ------
  ecode size           =         8     ------
  data size            =    ------     ------
  idata size           =    ------     ------
  pdata size           =    ------     ------
  xdata size           =    ------     ------
  xdata-const size     =    ------     ------
  edata size           =    ------     ------
  bit size             =    ------     ------
  ebit size            =    ------     ------
  bitaddressable size  =    ------     ------
  ebitaddressable size =    ------     ------
  far data size        =    ------     ------
  huge data size       =    ------     ------
  const size           =    ------     ------
  hconst size          =    ------     ------
End of Module Information.


C251 COMPILATION COMPLETE.  0 WARNING(S),  0 ERROR(S)
