C251 COMPILER V5.57.0,  RingtoneVoicePrompt                                                08/11/20  06:34:36  PAGE 1   


C251 COMPILER V5.57.0, COMPILATION OF MODULE RingtoneVoicePrompt
OBJECT MODULE PLACED IN .\output\AB1520D_AiroStereoHeadset\RingtoneVoicePrompt.obj
COMPILER INVOKED BY: C:\Keil_v5\C251\BIN\C251.EXE source\SDK\IOSYS\RingtoneVoicePrompt.c XSMALL HPTR FUNCTIONS(REENTRANT
                    -) ROM(HUGE) WARNINGLEVEL(3) OPTIMIZE(9,SPEED) BROWSE ORDER INCDIR(.\source\COMMON;.\source\SECTOR;.\source\ABSDRIVER;.\s
                    -ource\OS;.\source\HC;.\source\LM;.\source\LC;.\source\ROM;.\source\ROM\COMMON;.\source\ROM\OS;.\source\ROM\HC;.\source\R
                    -OM\LL;.\source\ROM\LC;.\source\ROM\HAL;.\source\ROM\KERNEL;.\source\ROM\DRIVER;.\source\ROM\L2CAP;.\source\ROM\GAP;.\sou
                    -rce\ROM\MMI_LE;.\source\ROM\SECTOR;.\source\ROM\SECTOR\Config0;.\source\SECTOR\Config0;.\source\SECTOR\Config1;.\source\
                    -SECTOR\DspData;.\source\SECTOR\Runtime;.\source\SECTOR\VoiceData;.\source\SECTOR\SectorBoundary;.\source\SECTOR\ToolMisc
                    -) DEFINE(FLASH_INIT=1,AB1520D,MIGRATE_ROM_TO_FLASH,DFU_LOADER_IN_BOOT_CODE,TWS_SETTINGS) DEBUG PRINT(.\LST\AB1520D_AiroS
                    -tereoHeadset\RingtoneVoicePrompt.lst) TABS(2) OBJECT(.\output\AB1520D_AiroStereoHeadset\RingtoneVoicePrompt.obj) 

stmt  level    source

    1          #include "reside_flash.inc"
    2          
    3          #include "rc.h"
    4          #include "..\SDK_Proxy\SDK_Proxy.h"
    5          #include "..\SDK\include\SDK_Config.h"
    6          #include "..\SDK\include\RingtoneVoicePrompt.h"
    7          
    8          PUBLIC void SDK_DRV_SendRingtoneCmd(U16 mediaEventIndex, U8 beepPattern)
    9          {
   10   1        MMI_DRV_SendRingtoneCmd(mediaEventIndex, beepPattern);
   11   1      }
   12          
   13          PUBLIC void SDK_DRV_SendRingtoneStopCmd()
   14          {
   15   1        MMI_DRV_SendRingtoneStopCmd();
   16   1      }
   17          
   18          PUBLIC void SDK_DRV_SpecificEventRingtoneStopCmd(U16 mediaEventIndex)
   19          {
   20   1        MMI_DRV_SpecificEventRingtoneStopCmd(mediaEventIndex);
   21   1      }
   22          
   23          PUBLIC void SDK_DRV_SendVoicePromptCmd(U16 mediaEventIndex, U8 voicePromptIndex)
   24          {
   25   1        MMI_DRV_SendVoicePromptCmd(mediaEventIndex, voicePromptIndex);
   26   1      }
   27          
   28          PUBLIC void SDK_DRV_SendVoicepromptStopCmd(void)
   29          {
   30   1        MMI_DRV_SendVoicepromptStopCmd();
   31   1      }
   32          
   33          PUBLIC void SDK_DRV_SpecificEventVPStopCmd(U16 mediaEventIndex)
   34          {
   35   1        MMI_DRV_SpecificEventVPStopCmd(mediaEventIndex);
   36   1      }


Module Information          Static   Overlayable
------------------------------------------------
  code size            =    ------     ------
  ecode size           =        24     ------
  data size            =    ------     ------
  idata size           =    ------     ------
  pdata size           =    ------     ------
  xdata size           =    ------     ------
  xdata-const size     =    ------     ------
  edata size           =    ------     ------
  bit size             =    ------     ------
  ebit size            =    ------     ------
  bitaddressable size  =    ------     ------
  ebitaddressable size =    ------     ------
  far data size        =    ------     ------
C251 COMPILER V5.57.0,  RingtoneVoicePrompt                                                08/11/20  06:34:36  PAGE 2   

  huge data size       =    ------     ------
  const size           =    ------     ------
  hconst size          =    ------     ------
End of Module Information.


C251 COMPILATION COMPLETE.  0 WARNING(S),  0 ERROR(S)
