C251 COMPILER V5.57.0,  sector_runtime_header                                              08/11/20  06:32:09  PAGE 1   


C251 COMPILER V5.57.0, COMPILATION OF MODULE sector_runtime_header
OBJECT MODULE PLACED IN .\output\AB1520D_AiroStereoHeadset\sector_runtime_header.obj
COMPILER INVOKED BY: C:\Keil_v5\C251\BIN\C251.EXE source\SECTOR\Runtime\sector_runtime_header.c XSMALL HPTR FUNCTIONS(RE
                    -ENTRANT) ROM(HUGE) WARNINGLEVEL(3) OPTIMIZE(9,SPEED) BROWSE ORDER INCDIR(.\source\COMMON;.\source\SECTOR;.\source\ABSDRI
                    -VER;.\source\OS;.\source\HC;.\source\LM;.\source\LC;.\source\ROM;.\source\ROM\COMMON;.\source\ROM\OS;.\source\ROM\HC;.\s
                    -ource\ROM\LL;.\source\ROM\LC;.\source\ROM\HAL;.\source\ROM\KERNEL;.\source\ROM\DRIVER;.\source\ROM\L2CAP;.\source\ROM\GA
                    -P;.\source\ROM\MMI_LE;.\source\ROM\SECTOR;.\source\ROM\SECTOR\Config0;.\source\SECTOR\Config0;.\source\SECTOR\Config1;.\
                    -source\SECTOR\DspData;.\source\SECTOR\Runtime;.\source\SECTOR\VoiceData;.\source\SECTOR\SectorBoundary;.\source\SECTOR\T
                    -oolMisc) DEFINE(FLASH_INIT=1,AB1520D,MIGRATE_ROM_TO_FLASH,DFU_LOADER_IN_BOOT_CODE,TWS_SETTINGS) DEBUG PRINT(.\LST\AB1520
                    -D_AiroStereoHeadset\sector_runtime_header.lst) TABS(2) OBJECT(.\output\AB1520D_AiroStereoHeadset\sector_runtime_header.o
                    -bj) 

stmt  level    source

    1          /*
    2           * AIROHA Bluetooth Device Firmware
    3           * COPYRIGHT (C) 2014 AIROHA TECHNOLOGY CORP. CO., LTD. ALL RIGHTS RESERVED
    4           *
    5           * sector_runtime_header.c defines the runtime updated parameters.
    6           *
    7           * Programmer : DingaCheng@airoha.com.tw, Ext.2828
    8           */
    9           // -
   10          #include "config.h"
   11          #include "cpu.h"
   12          #include "sectors.h"
   13          #include "sector_runtime.h"
   14          
   15          #pragma userclass (HCONST = CFGHEAD)
   16          
   17          
   18          #undef SECTORS_ENUM_MACRO
   19          #define SECTORS_ENUM_MACRO(SECTOR_NAME, SECTOR_INIT, SECTOR_SIZE, ATTR) {(U8 CODE_PTR)SECTOR_INIT, SECTOR
             -_SIZE, ATTR},
   20          
   21          
   22          
   23          ////////////////////////////////////////////////////////////////////////////////
   24          // Global Variables ////////////////////////////////////////////////////////////
   25          ////////////////////////////////////////////////////////////////////////////////
   26          SECTOR_RUNTIME_HEADER_STRU CODE gSectorRuntimeHeader =
   27          {
   28              NUM_OF_SECTOR_RUNTIME,
   29          
   30              {
   31                  #include "sector_runtime_member.h"
   32              },
   33          
   34              //- CRC
   35              {0,0}
   36          };
   37          
   38          
   39          


Module Information          Static   Overlayable
------------------------------------------------
  code size            =    ------     ------
  ecode size           =    ------     ------
  data size            =    ------     ------
  idata size           =    ------     ------
  pdata size           =    ------     ------
  xdata size           =    ------     ------
  xdata-const size     =    ------     ------
  edata size           =    ------     ------
C251 COMPILER V5.57.0,  sector_runtime_header                                              08/11/20  06:32:09  PAGE 2   

  bit size             =    ------     ------
  ebit size            =    ------     ------
  bitaddressable size  =    ------     ------
  ebitaddressable size =    ------     ------
  far data size        =    ------     ------
  huge data size       =    ------     ------
  const size           =    ------     ------
  hconst size          =        12     ------
End of Module Information.


C251 COMPILATION COMPLETE.  0 WARNING(S),  0 ERROR(S)
