C251 COMPILER V5.57.0,  sector_voice_data_header                                           08/11/20  06:32:06  PAGE 1   


C251 COMPILER V5.57.0, COMPILATION OF MODULE sector_voice_data_header
OBJECT MODULE PLACED IN .\output\AB1520D_AiroStereoHeadset\sector_voice_data_header.obj
COMPILER INVOKED BY: C:\Keil_v5\C251\BIN\C251.EXE source\SECTOR\VoiceData\sector_voice_data_header.c XSMALL HPTR FUNCTIO
                    -NS(REENTRANT) ROM(HUGE) WARNINGLEVEL(3) OPTIMIZE(9,SPEED) BROWSE ORDER INCDIR(.\source\COMMON;.\source\SECTOR;.\source\A
                    -BSDRIVER;.\source\OS;.\source\HC;.\source\LM;.\source\LC;.\source\ROM;.\source\ROM\COMMON;.\source\ROM\OS;.\source\ROM\H
                    -C;.\source\ROM\LL;.\source\ROM\LC;.\source\ROM\HAL;.\source\ROM\KERNEL;.\source\ROM\DRIVER;.\source\ROM\L2CAP;.\source\R
                    -OM\GAP;.\source\ROM\MMI_LE;.\source\ROM\SECTOR;.\source\ROM\SECTOR\Config0;.\source\SECTOR\Config0;.\source\SECTOR\Confi
                    -g1;.\source\SECTOR\DspData;.\source\SECTOR\Runtime;.\source\SECTOR\VoiceData;.\source\SECTOR\SectorBoundary;.\source\SEC
                    -TOR\ToolMisc) DEFINE(FLASH_INIT=1,AB1520D,MIGRATE_ROM_TO_FLASH,DFU_LOADER_IN_BOOT_CODE,TWS_SETTINGS) DEBUG PRINT(.\LST\A
                    -B1520D_AiroStereoHeadset\sector_voice_data_header.lst) TABS(2) OBJECT(.\output\AB1520D_AiroStereoHeadset\sector_voice_da
                    -ta_header.obj) 

stmt  level    source

    1          /*
    2           * AIROHA Bluetooth Device Firmware
    3           * COPYRIGHT (C) 2014 AIROHA TECHNOLOGY CORP. CO., LTD. ALL RIGHTS RESERVED
    4           *
    5           * sector_voice_data_header.c defines the voice data.
    6           *
    7           * Programmer : DingaCheng@airoha.com.tw, Ext.2828
    8           */
    9           // -
   10          #include "config.h"
   11          #include "cpu.h"
   12          #include "sectors.h"
   13          #include "..\Driver\Driver_Interface.h"
   14          #include "sector_voice_data.h"
   15          
   16          #pragma userclass (HCONST = CFGHEAD)
   17          
   18          
   19          #undef SECTORS_ENUM_MACRO
   20          #define SECTORS_ENUM_MACRO(SECTOR_NAME, SECTOR_INIT, SECTOR_SIZE, ATTR) {(U8 CODE_PTR)SECTOR_INIT, SECTOR
             -_SIZE, ATTR},
   21          
   22          ////////////////////////////////////////////////////////////////////////////////
   23          // Global Variables ////////////////////////////////////////////////////////////
   24          ////////////////////////////////////////////////////////////////////////////////
   25          SECTOR_VOICE_DATA_HEADER_STRU CODE gSectorVoiceDataHeader =
   26          {
   27              NUM_OF_SECTOR_VOICE_DATA,
   28          
   29              {
   30                #include "sector_voice_data_member.h"
   31            },
   32          
   33            //- CRC
   34            {0,0}
   35          };
   36          
   37          
   38          
   39          


Module Information          Static   Overlayable
------------------------------------------------
  code size            =    ------     ------
  ecode size           =    ------     ------
  data size            =    ------     ------
  idata size           =    ------     ------
  pdata size           =    ------     ------
  xdata size           =    ------     ------
  xdata-const size     =    ------     ------
  edata size           =    ------     ------
C251 COMPILER V5.57.0,  sector_voice_data_header                                           08/11/20  06:32:06  PAGE 2   

  bit size             =    ------     ------
  ebit size            =    ------     ------
  bitaddressable size  =    ------     ------
  ebitaddressable size =    ------     ------
  far data size        =    ------     ------
  huge data size       =    ------     ------
  const size           =    ------     ------
  hconst size          =        21     ------
End of Module Information.


C251 COMPILATION COMPLETE.  0 WARNING(S),  0 ERROR(S)
