C251 COMPILER V5.57.0,  sector_mmi_driver_nvram_backup_type                                08/11/20  06:32:15  PAGE 1   


C251 COMPILER V5.57.0, COMPILATION OF MODULE sector_mmi_driver_nvram_backup_type
OBJECT MODULE PLACED IN .\output\AB1520D_AiroStereoHeadset\sector_mmi_driver_nvram_backup_type.obj
COMPILER INVOKED BY: C:\Keil_v5\C251\BIN\C251.EXE source\SECTOR\sector_mmi_driver_nvram_backup_type.c XSMALL HPTR FUNCTI
                    -ONS(REENTRANT) ROM(HUGE) WARNINGLEVEL(3) OPTIMIZE(9,SPEED) BROWSE ORDER INCDIR(.\source\COMMON;.\source\SECTOR;.\source\
                    -ABSDRIVER;.\source\OS;.\source\HC;.\source\LM;.\source\LC;.\source\ROM;.\source\ROM\COMMON;.\source\ROM\OS;.\source\ROM\
                    -HC;.\source\ROM\LL;.\source\ROM\LC;.\source\ROM\HAL;.\source\ROM\KERNEL;.\source\ROM\DRIVER;.\source\ROM\L2CAP;.\source\
                    -ROM\GAP;.\source\ROM\MMI_LE;.\source\ROM\SECTOR;.\source\ROM\SECTOR\Config0;.\source\SECTOR\Config0;.\source\SECTOR\Conf
                    -ig1;.\source\SECTOR\DspData;.\source\SECTOR\Runtime;.\source\SECTOR\VoiceData;.\source\SECTOR\SectorBoundary;.\source\SE
                    -CTOR\ToolMisc) DEFINE(FLASH_INIT=1,AB1520D,MIGRATE_ROM_TO_FLASH,DFU_LOADER_IN_BOOT_CODE,TWS_SETTINGS) DEBUG PRINT(.\LST\
                    -AB1520D_AiroStereoHeadset\sector_mmi_driver_nvram_backup_type.lst) TABS(2) OBJECT(.\output\AB1520D_AiroStereoHeadset\sec
                    -tor_mmi_driver_nvram_backup_type.obj) 

stmt  level    source

    1          //////////////////////////////////////////////////////////
    2          // Copyright@ 2009 Airoha.  All right reserved.
    3          //////////////////////////////////////////////////////////
    4          
    5          #include <config.h>
    6          #include <cpu.h>
    7          #include "sector_mmi_driver_variation_nvram.h"
    8          
    9          #pragma userclass (HCONST = CONFIG)
   10          
   11          
   12          PUBLIC SECTOR_MMI_DRIVER_NVRAM_BACKUP_STRU CODE gMMI_Driver_v_nvram_backup =
   13          {
   14            //non-zero init variables;
   15            {
   16              MMI_DRIVER_VARIATION_NVRAM_NONZERO_DEFAULT_ISMISCENABLED, // isMiscEnabled
   17              MMI_DRIVER_VARIATION_NVRAM_NONZERO_DEFAULT_FM_HISTORY_FREQ,//Fm history
   18              MMI_DRIVER_VARIATION_NVRAM_NONZERO_DEFAULT_FMHISTORYVOL, //FMHistoryVol
   19              MMI_DRIVER_VARIATION_NVRAM_NONZERO_DEFAULT_FMSMALLSTEPVOL, //FMSmallStepVol
   20              MMI_DRIVER_VARIATION_NVRAM_NONZERO_DEFAULT_LINEINHISTORYVOL, // LineInHistoryVol
   21              MMI_DRIVER_VARIATION_NVRAM_NONZERO_DEFAULT_LINEINSMALLSTEPVOL, //LineInSmallStepVol
   22              MMI_DRIVER_VARIATION_NVRAM_NONZERO_DEFAULT_DEFAULTSCOSOUNDLEVEL,  //defaultSCOSoundLevel
   23              0, //smallStepSoundLevelIdle
   24              MMI_DRIVER_VARIATION_NVRAM_NONZERO_DEFAULT_VPLANGINDEX, //vpLangIndex
   25              { //local_name
   26                #ifdef SOUND_BAR
                     8, //len
                     {'S', 'O', 'U', 'N', 'D', 'B', 'A', 'R'},
                     #elif defined SCO_WOOFER
                     6, //len
                     {'W', 'O', 'O', 'F', 'E', 'R'},
                     #elif defined TWS_SETTINGS
   33                  #ifdef PRODUCT_TYPE_A
   34                  7, //len
   35                  {'A', 'i', 'r', 'o', 'S', '-', 'A'},
   36                  #elif defined PRODUCT_TYPE_K
                       7, //len
                       {'A', 'i', 'r', 'o', 'S', '-', 'K'},
                       #else
                       6, //len
                       {'T', 'W', 'S', 'Y', 'O', 'Y'}, 
                       #endif
   43                #elif defined FAST_CONNECT_DONGLE
                     8, //len
                     {'F', 'C', 'D', 'O', 'N', 'G', 'L', 'E'},
                     #else
                     6, //len
                     {'A', 'I', 'R', 'O', 'H', 'A'},
                     #endif
   50              },
   51            },
C251 COMPILER V5.57.0,  sector_mmi_driver_nvram_backup_type                                08/11/20  06:32:15  PAGE 2   

   52          
   53              //- CRC
   54              {0,0}
   55          };


Module Information          Static   Overlayable
------------------------------------------------
  code size            =    ------     ------
  ecode size           =    ------     ------
  data size            =    ------     ------
  idata size           =    ------     ------
  pdata size           =    ------     ------
  xdata size           =    ------     ------
  xdata-const size     =    ------     ------
  edata size           =    ------     ------
  bit size             =    ------     ------
  ebit size            =    ------     ------
  bitaddressable size  =    ------     ------
  ebitaddressable size =    ------     ------
  far data size        =    ------     ------
  huge data size       =    ------     ------
  const size           =    ------     ------
  hconst size          =        45     ------
End of Module Information.


C251 COMPILATION COMPLETE.  0 WARNING(S),  0 ERROR(S)
