C251 COMPILER V5.57.0,  sector_dsp_peq_param_type                                          08/11/20  06:32:21  PAGE 1   


C251 COMPILER V5.57.0, COMPILATION OF MODULE sector_dsp_peq_param_type
OBJECT MODULE PLACED IN .\output\AB1520D_AiroStereoHeadset\sector_dsp_peq_param_type.obj
COMPILER INVOKED BY: C:\Keil_v5\C251\BIN\C251.EXE source\SECTOR\sector_dsp_peq_param_type.c XSMALL HPTR FUNCTIONS(REENTR
                    -ANT) ROM(HUGE) WARNINGLEVEL(3) OPTIMIZE(9,SPEED) BROWSE ORDER INCDIR(.\source\COMMON;.\source\SECTOR;.\source\ABSDRIVER;
                    -.\source\OS;.\source\HC;.\source\LM;.\source\LC;.\source\ROM;.\source\ROM\COMMON;.\source\ROM\OS;.\source\ROM\HC;.\sourc
                    -e\ROM\LL;.\source\ROM\LC;.\source\ROM\HAL;.\source\ROM\KERNEL;.\source\ROM\DRIVER;.\source\ROM\L2CAP;.\source\ROM\GAP;.\
                    -source\ROM\MMI_LE;.\source\ROM\SECTOR;.\source\ROM\SECTOR\Config0;.\source\SECTOR\Config0;.\source\SECTOR\Config1;.\sour
                    -ce\SECTOR\DspData;.\source\SECTOR\Runtime;.\source\SECTOR\VoiceData;.\source\SECTOR\SectorBoundary;.\source\SECTOR\ToolM
                    -isc) DEFINE(FLASH_INIT=1,AB1520D,MIGRATE_ROM_TO_FLASH,DFU_LOADER_IN_BOOT_CODE,TWS_SETTINGS) DEBUG PRINT(.\LST\AB1520D_Ai
                    -roStereoHeadset\sector_dsp_peq_param_type.lst) TABS(2) OBJECT(.\output\AB1520D_AiroStereoHeadset\sector_dsp_peq_param_ty
                    -pe.obj) 

stmt  level    source

    1          /*
    2           * AIROHA Bluetooth Device Firmware
    3           * COPYRIGHT (C) 2014 AIROHA TECHNOLOGY CORP. CO., LTD. ALL RIGHTS RESERVED
    4           *
    5           * sector_dsp_peq_param_type.c defines the PEQ parameters.
    6           *
    7           * Programmer : DingaCheng@airoha.com.tw, Ext.2882
    8           */
    9          #include "sector_peq_hpf_param.h"
   10          
   11          #pragma userclass (HCONST = CONFIG)
   12          
   13          ////////////////////////////////////////////////////////////////////////////////
   14          // Global Variables ////////////////////////////////////////////////////////////
   15          ////////////////////////////////////////////////////////////////////////////////
   16          #ifdef DSP_ENABLE
   17          
   18          SECTOR_DSP_PEQ_PARAMETER_STRU CODE gSector_DspPeqParameter =
   19          {
   20              {
   21              NUM_OF_DEFAULT_A2DP_PEQ_CONFIG, NUM_OF_DEFAULT_LINEIN_PEQ_CONFIG,
   22              /////////////////////////////////////////// A2DP //////////////////////////////////////////////////////
   23              #if NUM_OF_DEFAULT_A2DP_PEQ_CONFIG
                   {
                     //- set 1
                     { //1KHz +0dB
                       {
                         //- 32k sample rate
                         {5, 0, 0, 0, 0, 0, 0, 0, 0, 29253,-13169, 0, 0, 0, 0, 0, 0, 0, 0, -27178, 11072, 2, 2, 2, 2, 2, 2, 2
             -, 2, 2, 2, 2, 2, 2, 16384, 16384, 9916},
                         //- 44.1k sample rate
                         {5, 0, 0, 0, 0, 0, 0, 0, 0, 29253,-13169, 0, 0, 0, 0, 0, 0, 0, 0, -27178, 11072, 2, 2, 2, 2, 2, 2, 2
             -, 2, 2, 2, 2, 2, 2, 16384, 16384, 9916},
                         //- 48k sample rate
                         {5, 0, 0, 0, 0, 0, 0, 0, 0, 29536, -13407, 0, 0, 0, 0, 0, 0, 0, 0, -27586, 11440, 2, 2, 2, 2, 2, 2, 
             -2, 2, 2, 2, 2, 2, 2, 16384, 16384, 9866}
                       }
                     },
               
                     //- set 2
                     { //1KHz +3dB
                       {
                         //- 32k sample rate
                         {5,0,0,0,0,0,0,0,0,31766,-16004,0,0,0,0,0,0,0,0,-31615,15850,2,2,2,2,2,2,2,2,2,2,2,2,2,16384,16384,1
             -6462},
                         //- 44.1k sample rate
                         {5,0,0,0,0,0,0,0,0,32162,-16108,0,0,0,0,0,0,0,0,-32051,15995,2,2,2,2,2,2,2,2,2,2,2,2,2,16384,16384,1
             -6441},
                         //- 48k sample rate
                         {5,0,0,0,0,0,0,0,0,32236,-16130,0,0,0,0,0,0,0,0,-32133,16026,2,2,2,2,2,2,2,2,2,2,2,2,2,16384,16384,1
             -6436}
C251 COMPILER V5.57.0,  sector_dsp_peq_param_type                                          08/11/20  06:32:21  PAGE 2   

                       }
                     },
               
                     //- set 3
                     { //1KHz -3dB
                       {
                         //- 32k sample rate
                         {5,0,0,31615,-15850,0,0,0,0,0,0,0,0,-31766,16004,0,0,0,0,0,0,2,2,2,2,2,2,2,2,2,2,1,2,2,32612,16384,1
             -6384},
                         //- 44.1k sample rate
                         {5,0,0,32051,-15995,0,0,0,0,0,0,0,0,-32162,16108,0,0,0,0,0,0,2,2,2,2,2,2,2,2,2,2,1,2,2,32654,16384,1
             -6384},
                         //- 48k sample rate
                         {5,0,0,32133,-16026,0,0,0,0,0,0,0,0,-32236,16130,0,0,0,0,0,0,2,2,2,2,2,2,2,2,2,2,1,2,2,32664,16384,1
             -6384}
                       }
                     },
               
                     //- set 4
                     {
                       {
                         //- 32k sample rate
                         {5, 0, 0, -8561, -5987, 0, 0, 0, 0, 16936, -14101, 0, 0, 9159, 7549, 0, 0, 0, 0, -16065, 12532, 2, 2
             -, 2, 2, 2, 2, 2, 2, 2,
                          2, 1, 2, 2, 30630, 16384, 17273},
                         //- 44.1k sample rate
                         {5, 0, 0, 3589, -8278, 0, 0, 0, 0, 23521, -14695, 0, 0, -3781, 9600, 0, 0, 0, 0, -22614, 13497, 2, 2
             -, 2, 2, 2, 2, 2, 2, 2,
                          2, 1, 2, 2, 31101, 16384, 17041},
                         //- 48k sample rate
                         {5, 0, 0, 6521, -8810, 0, 0, 0, 0, 24761, -14826, 0, 0, -6846, 10067, 0, 0, 0, 0, -23877, 13713, 2, 
             -2, 2, 2, 2, 2, 2, 2, 2,
                          2, 1, 2, 2, 31210, 16384, 16990}
                       }
                     },
               
                     //- set 5
                     {
                       {
                         //- 32k sample rate
                         {5, 0, 0, 31309, -15538, 0, 0, -8391, -5542, 17043, -14292, 0, 0, -31547, 15781, 0, 0, 7383, 2908, -
             -16429, 13188, 2, 2, 2,
                          2, 2, 2, 2, 2, 2, 2, 1, 2, 2, 32521, 18620, 16996},
                         //- 44.1k sample rate
                         {5, 0, 0, 31824, -15766, 0, 0, 3533, -7894, 23630, -14840, 0, 0, -32001, 15944, 0, 0, -3192, 5549, -
             -22996, 14002, 2, 2, 2,
                          2, 2, 2, 2, 2, 2, 2, 1, 2, 2, 32588, 18135, 16836},
                         //- 48k sample rate
                         {5, 0, 0, 31924, -15815, 0, 0, 6426, -8442, 24867, -14960, 0, 0, -32087, 15979, 0, 0, -5841, 6186, -
             -24250, 14183, 2, 2, 2,
                          2, 2, 2, 2, 2, 2, 2, 1, 2, 2, 32602, 18022, 16800}
                       }
                     }
                   },
                   #endif
   92              ///////////////////////////////////////// line-in mode ////////////////////////////////////////////////
             -//////
   93              #if NUM_OF_DEFAULT_LINEIN_PEQ_CONFIG
                   {
                     //- set 1
                     { //1KHz +0dB
                       {
                         //- 32k sample rate
                         {5,0,0,0,0,0,0,0,0,0,0,0,0,0,0,0,0,0,0,0,0,2,2,2,2,2,2,2,2,2,2,2,2,2,16384,16384,16384},
                         //- 44.1k sample rate
                         {5,0,0,0,0,0,0,0,0,0,0,0,0,0,0,0,0,0,0,0,0,2,2,2,2,2,2,2,2,2,2,2,2,2,16384,16384,16384},
C251 COMPILER V5.57.0,  sector_dsp_peq_param_type                                          08/11/20  06:32:21  PAGE 3   

                         //- 48k sample rate
                         {5,0,0,0,0,0,0,0,0,0,0,0,0,0,0,0,0,0,0,0,0,2,2,2,2,2,2,2,2,2,2,2,2,2,16384,16384,16384}
                       }
                     },
               
                     //- set 2
                     { //1KHz +3dB
                       {
                         //- 32k sample rate
                         {5,0,0,0,0,0,0,0,0,31766,-16004,0,0,0,0,0,0,0,0,-31615,15850,2,2,2,2,2,2,2,2,2,2,2,2,2,16384,16384,1
             -6462},
                         //- 44.1k sample rate
                         {5,0,0,0,0,0,0,0,0,32162,-16108,0,0,0,0,0,0,0,0,-32051,15995,2,2,2,2,2,2,2,2,2,2,2,2,2,16384,16384,1
             -6441},
                         //- 48k sample rate
                         {5,0,0,0,0,0,0,0,0,32236,-16130,0,0,0,0,0,0,0,0,-32133,16026,2,2,2,2,2,2,2,2,2,2,2,2,2,16384,16384,1
             -6436}
                       }
                     },
               
                     //- set 3
                     { //1KHz -3dB
                       {
                         //- 32k sample rate
                         {5,0,0,31615,-15850,0,0,0,0,0,0,0,0,-31766,16004,0,0,0,0,0,0,2,2,2,2,2,2,2,2,2,2,1,2,2,32612,16384,1
             -6384},
                         //- 44.1k sample rate
                         {5,0,0,32051,-15995,0,0,0,0,0,0,0,0,-32162,16108,0,0,0,0,0,0,2,2,2,2,2,2,2,2,2,2,1,2,2,32654,16384,1
             -6384},
                         //- 48k sample rate
                         {5,0,0,32133,-16026,0,0,0,0,0,0,0,0,-32236,16130,0,0,0,0,0,0,2,2,2,2,2,2,2,2,2,2,1,2,2,32664,16384,1
             -6384}
               
                       }
                     },
               
                     //- set 4
                     {
                       {
                         //- 32k sample rate
                         {5, 0, 0, -8561, -5987, 0, 0, 0, 0, 16936, -14101, 0, 0, 9159, 7549, 0, 0, 0, 0, -16065, 12532, 2, 2
             -, 2, 2, 2, 2, 2, 2, 2,
                          2, 1, 2, 2, 30630, 16384, 17273},
                         //- 44.1k sample rate
                         {5, 0, 0, 3589, -8278, 0, 0, 0, 0, 23521, -14695, 0, 0, -3781, 9600, 0, 0, 0, 0, -22614, 13497, 2, 2
             -, 2, 2, 2, 2, 2, 2, 2,
                          2, 1, 2, 2, 31101, 16384, 17041},
                         //- 48k sample rate
                         {5, 0, 0, 6521, -8810, 0, 0, 0, 0, 24761, -14826, 0, 0, -6846, 10067, 0, 0, 0, 0, -23877, 13713, 2, 
             -2, 2, 2, 2, 2, 2, 2, 2,
                          2, 1, 2, 2, 31210, 16384, 16990}
                       }
                     },
               
                     //- set 5
                     {
                       {
                         //- 32k sample rate
                         {5, 0, 0, 31309, -15538, 0, 0, -8391, -5542, 17043, -14292, 0, 0, -31547, 15781, 0, 0, 7383, 2908, -
             -16429, 13188, 2, 2, 2,
                          2, 2, 2, 2, 2, 2, 2, 1, 2, 2, 32521, 18620, 16996},
                         //- 44.1k sample rate
                         {5, 0, 0, 31824, -15766, 0, 0, 3533, -7894, 23630, -14840, 0, 0, -32001, 15944, 0, 0, -3192, 5549, -
             -22996, 14002, 2, 2, 2,
                          2, 2, 2, 2, 2, 2, 2, 1, 2, 2, 32588, 18135, 16836},
                         //- 48k sample rate
C251 COMPILER V5.57.0,  sector_dsp_peq_param_type                                          08/11/20  06:32:21  PAGE 4   

                         {5, 0, 0, 31924, -15815, 0, 0, 6426, -8442, 24867, -14960, 0, 0, -32087, 15979, 0, 0, -5841, 6186, -
             -24250, 14183, 2, 2, 2,
                          2, 2, 2, 2, 2, 2, 2, 1, 2, 2, 32602, 18022, 16800}
                       }
                     }
                   },
                   #endif
  163              ENABLE_DEFAULT_A2DP_PEQ_EXPANSION_CONFIG || ENABLE_DEFAULT_LINEIN_PEQ_EXPANSION_CONFIG, //peq_expansion
             -_enable
  164            #ifdef PEQ_EXPANSION_ENABLE
  165              /////////////////////////////////////////// A2DP //////////////////////////////////////////////////////
  166              #if ENABLE_DEFAULT_A2DP_PEQ_EXPANSION_CONFIG
                   {
                     //- set 1
                     { //1KHz +0dB
                       {
                         //- 32k sample rate
                         {5, 0, 0, 0, 0, 0, 0, 0, 0, 15828, -12106, 0, 0, 0, 0, 0, 0, 0, 0, -14368, 9478, 2, 2, 2, 2, 2, 2, 2
             -, 2, 2, 2, 2, 2, 2, 16384, 16384, 10149},
                         //- 44.1k sample rate
                         {5, 0, 0, 0, 0, 0, 0, 0, 0, 22366, -13169, 0, 0, 0, 0, 0, 0, 0, 0, -20779, 11072, 2, 2, 2, 2, 2, 2, 
             -2, 2, 2, 2, 2, 2, 2, 16384, 16384, 9916},
                         //- 48k sample rate
                         {5, 0, 0, 0, 0, 0, 0, 0, 0, 23635, -13407, 0, 0, 0, 0, 0, 0, 0, 0, -22074, 11440, 2, 2, 2, 2, 2, 2, 
             -2, 2, 2, 2, 2, 2, 2, 16384, 16384, 9866}
                       }
                     },
               
                     //- set 2
                     { //1KHz +3dB
                       {
                         //- 32k sample rate
                         {11,0,0,0,0,0,0,0,0,31766,-16004,0,0,0,0,0,0,0,0,-31615,15850,2,2,2,2,2,2,2,2,2,2,2,2,2,16384,16384,
             -16462},
                         //- 44.1k sample rate
                         {5,0,0,0,0,0,0,0,0,32162,-16108,0,0,0,0,0,0,0,0,-32051,15995,2,2,2,2,2,2,2,2,2,2,2,2,2,16384,16384,1
             -6441},
                         //- 48k sample rate
                         {5,0,0,0,0,0,0,0,0,32236,-16130,0,0,0,0,0,0,0,0,-32133,16026,2,2,2,2,2,2,2,2,2,2,2,2,2,16384,16384,1
             -6436}
                       }
                     },
               
                     //- set 3
                     { //1KHz -3dB
                       {
                         //- 32k sample rate
                         {12,0,0,31615,-15850,0,0,0,0,0,0,0,0,-31766,16004,0,0,0,0,0,0,2,2,2,2,2,2,2,2,2,2,1,2,2,32612,16384,
             -16384},
                         //- 44.1k sample rate
                         {5,0,0,32051,-15995,0,0,0,0,0,0,0,0,-32162,16108,0,0,0,0,0,0,2,2,2,2,2,2,2,2,2,2,1,2,2,32654,16384,1
             -6384},
                         //- 48k sample rate
                         {5,0,0,32133,-16026,0,0,0,0,0,0,0,0,-32236,16130,0,0,0,0,0,0,2,2,2,2,2,2,2,2,2,2,1,2,2,32664,16384,1
             -6384}
               
                       }
                     },
               
                     //- set 4
                     {
                       {
                         //- 32k sample rate
                         {13, 0, 0, -8561, -5987, 0, 0, 0, 0, 16936, -14101, 0, 0, 9159, 7549, 0, 0, 0, 0, -16065, 12532, 2, 
             -2, 2, 2, 2, 2, 2, 2, 2,
                          2, 1, 2, 2, 30630, 16384, 17273},
C251 COMPILER V5.57.0,  sector_dsp_peq_param_type                                          08/11/20  06:32:21  PAGE 5   

                         //- 44.1k sample rate
                         {5, 0, 0, 3589, -8278, 0, 0, 0, 0, 23521, -14695, 0, 0, -3781, 9600, 0, 0, 0, 0, -22614, 13497, 2, 2
             -, 2, 2, 2, 2, 2, 2, 2,
                          2, 1, 2, 2, 31101, 16384, 17041},
                         //- 48k sample rate
                         {5, 0, 0, 6521, -8810, 0, 0, 0, 0, 24761, -14826, 0, 0, -6846, 10067, 0, 0, 0, 0, -23877, 13713, 2, 
             -2, 2, 2, 2, 2, 2, 2, 2,
                          2, 1, 2, 2, 31210, 16384, 16990}
                       }
                     },
               
                     //- set 5
                     {
                       {
                         //- 32k sample rate
                         {14, 0, 0, 31309, -15538, 0, 0, -8391, -5542, 17043, -14292, 0, 0, -31547, 15781, 0, 0, 7383, 2908, 
             --16429, 13188, 2, 2, 2,
                          2, 2, 2, 2, 2, 2, 2, 1, 2, 2, 32521, 18620, 16996},
                         //- 44.1k sample rate
                         {5, 0, 0, 31824, -15766, 0, 0, 3533, -7894, 23630, -14840, 0, 0, -32001, 15944, 0, 0, -3192, 5549, -
             -22996, 14002, 2, 2, 2,
                          2, 2, 2, 2, 2, 2, 2, 1, 2, 2, 32588, 18135, 16836},
                         //- 48k sample rate
                         {5, 0, 0, 31924, -15815, 0, 0, 6426, -8442, 24867, -14960, 0, 0, -32087, 15979, 0, 0, -5841, 6186, -
             -24250, 14183, 2, 2, 2,
                          2, 2, 2, 2, 2, 2, 2, 1, 2, 2, 32602, 18022, 16800}
                       }
                     }
                   },
                   #endif
  236              ///////////////////////////////////////// line-in mode ////////////////////////////////////////////////
             -//////
  237              #if ENABLE_DEFAULT_LINEIN_PEQ_EXPANSION_CONFIG
                   {
                     //- set 1
                     { //1KHz +0dB
                       {
                         //- 32k sample rate
                         {45,4545,0,0,0,0,0,0,0,0,0,0,0,0,0,0,0,0,0,0,0,2,2,2,2,2,2,2,2,2,2,2,2,2,16384,16384,16384},
                         //- 44.1k sample rate
                         {46,4646,0,0,0,0,0,0,0,0,0,0,0,0,0,0,0,0,0,0,0,2,2,2,2,2,2,2,2,2,2,2,2,2,16384,16384,16384},
                         //- 48k sample rate
                         {47,4747,0,0,0,0,0,0,0,0,0,0,0,0,0,0,0,0,0,0,0,2,2,2,2,2,2,2,2,2,2,2,2,2,16384,16384,16384}
                       }
                     },
               
                     //- set 2
                     { //1KHz +3dB
                       {
                         //- 32k sample rate
                         {48,4848,0,0,0,0,0,0,0,31766,-16004,0,0,0,0,0,0,0,0,-31615,15850,2,2,2,2,2,2,2,2,2,2,2,2,2,16384,163
             -84,16462},
                         //- 44.1k sample rate
                         {49,4949,0,0,0,0,0,0,0,32162,-16108,0,0,0,0,0,0,0,0,-32051,15995,2,2,2,2,2,2,2,2,2,2,2,2,2,16384,163
             -84,16441},
                         //- 48k sample rate
                         {50,5050,0,0,0,0,0,0,0,32236,-16130,0,0,0,0,0,0,0,0,-32133,16026,2,2,2,2,2,2,2,2,2,2,2,2,2,16384,163
             -84,16436}
                       }
                     },
               
                     //- set 3
                     { //1KHz -3dB
                       {
                         //- 32k sample rate
                         {51,5151,0,31615,-15850,0,0,0,0,0,0,0,0,-31766,16004,0,0,0,0,0,0,2,2,2,2,2,2,2,2,2,2,1,2,2,32612,163
C251 COMPILER V5.57.0,  sector_dsp_peq_param_type                                          08/11/20  06:32:21  PAGE 6   

             -84,16384},
                         //- 44.1k sample rate
                         {52,5252,0,32051,-15995,0,0,0,0,0,0,0,0,-32162,16108,0,0,0,0,0,0,2,2,2,2,2,2,2,2,2,2,1,2,2,32654,163
             -84,16384},
                         //- 48k sample rate
                         {53,5353,0,32133,-16026,0,0,0,0,0,0,0,0,-32236,16130,0,0,0,0,0,0,2,2,2,2,2,2,2,2,2,2,1,2,2,32664,163
             -84,16384}
               
                       }
                     },
               
                     //- set 4
                     {
                       {
                         //- 32k sample rate
                         {54, 5454, 0, -8561, -5987, 0, 0, 0, 0, 16936, -14101, 0, 0, 9159, 7549, 0, 0, 0, 0, -16065, 12532, 
             -2, 2, 2, 2, 2, 2, 2, 2, 2,
                          2, 1, 2, 2, 30630, 16384, 17273},
                         //- 44.1k sample rate
                         {55, 5555, 0, 3589, -8278, 0, 0, 0, 0, 23521, -14695, 0, 0, -3781, 9600, 0, 0, 0, 0, -22614, 13497, 
             -2, 2, 2, 2, 2, 2, 2, 2, 2,
                          2, 1, 2, 2, 31101, 16384, 17041},
                         //- 48k sample rate
                         {56, 5656, 0, 6521, -8810, 0, 0, 0, 0, 24761, -14826, 0, 0, -6846, 10067, 0, 0, 0, 0, -23877, 13713,
             - 2, 2, 2, 2, 2, 2, 2, 2, 2,
                          2, 1, 2, 2, 31210, 16384, 16990}
                       }
                     },
               
                     //- set 5
                     {
                       {
                         //- 32k sample rate
                         {57, 5757, 0, 31309, -15538, 0, 0, -8391, -5542, 17043, -14292, 0, 0, -31547, 15781, 0, 0, 7383, 290
             -8, -16429, 13188, 2, 2, 2,
                          2, 2, 2, 2, 2, 2, 2, 1, 2, 2, 32521, 18620, 16996},
                         //- 44.1k sample rate
                         {58, 5858, 0, 31824, -15766, 0, 0, 3533, -7894, 23630, -14840, 0, 0, -32001, 15944, 0, 0, -3192, 554
             -9, -22996, 14002, 2, 2, 2,
                          2, 2, 2, 2, 2, 2, 2, 1, 2, 2, 32588, 18135, 16836},
                         //- 48k sample rate
                         {59, 5959, 0, 31924, -15815, 0, 0, 6426, -8442, 24867, -14960, 0, 0, -32087, 15979, 0, 0, -5841, 618
             -6, -24250, 14183, 2, 2, 2,
                          2, 2, 2, 2, 2, 2, 2, 1, 2, 2, 32602, 18022, 16800}
                       }
                     }
                   },
                   #endif
  307            #endif
  308            
  309              0,
  310              #if NUM_OF_DEFAULT_AT_PEQ_CONFIG
                   {//Aduio Transparency Peq Table
                     {
                       {
                         {0x0012,2,3,4,5,6,7,8,9,0,0,0,0,0,0,0,0,0,0,0,0,2,2,2,2,2,2,2,2,2,2,2,2,2,16384,16384,16384},
                         //- 44.1k sample rate
                         {5,0,0,0,0,0,0,0,0,0,0,0,0,0,0,0,0,0,0,0,0,2,2,2,2,2,2,2,2,2,2,2,2,2,16384,16384,16384},
                         //- 48k sample rate
                         {5,0,0,0,0,0,0,0,0,0,0,0,0,0,0,0,0,0,0,0,0,2,2,2,2,2,2,2,2,2,2,2,2,2,16384,16384,16384}
                       }
                     }
                   },
                   #endif
  323              
  324              /////////////////////////////////////////// A2DP //////////////////////////////////////////////////////
C251 COMPILER V5.57.0,  sector_dsp_peq_param_type                                          08/11/20  06:32:21  PAGE 7   

             -  
  325            #if NUM_OF_DEFAULT_A2DP_PEQ_CONFIG
                   {
                     //- set 1
                     ENABLE_DEFAULT_A2DP_PEQ_100HZ_CONFIG, //peq_100Hz_a2dp_set_enable
                   #ifdef PEQ_UNDER_100HZ_ENABLE
                     #if ENABLE_DEFAULT_A2DP_PEQ_100HZ_CONFIG
                     { //1KHz +0dB
                       //- 32k sample rate
                       {1,30558,-14417,-28836,12681,2,2,2,17363,0,0,0,0,0,0},
                       //- 44.1k sample rate
                       {1,31187,-14933,-29871,13612,2,2,2,17106,0,0,0,0,0,0},
                       //- 48k sample rate
                       {1,31320,-15047,-30098,13820,2,2,2,17050,0,0,0,0,0,0}
                     },
                     #endif
                   #endif
               
                     //- set 2
                     ENABLE_DEFAULT_A2DP_PEQ_100HZ_CONFIG, //peq_100Hz_a2dp_set_enable
                   #ifdef PEQ_UNDER_100HZ_ENABLE
                     #if ENABLE_DEFAULT_A2DP_PEQ_100HZ_CONFIG
                     { //1KHz +3dB
                       //- 32k sample rate
                       {1,30558,-14417,-28836,12681,2,2,2,17363,0,0,0,0,0,0},
                       //- 44.1k sample rate
                       {1,31187,-14933,-29871,13612,2,2,2,17106,0,0,0,0,0,0},
                       //- 48k sample rate
                       {1,31320,-15047,-30098,13820,2,2,2,17050,0,0,0,0,0,0}
                     },
                     #endif
                   #endif
                   
                     //- set 3
                     ENABLE_DEFAULT_A2DP_PEQ_100HZ_CONFIG, //peq_100Hz_a2dp_set_enable
                   #ifdef PEQ_UNDER_100HZ_ENABLE
                     #if ENABLE_DEFAULT_A2DP_PEQ_100HZ_CONFIG
                     { //1KHz -3dB
                       //- 32k sample rate
                       {1,30558,-14417,-28836,12681,2,2,2,17363,0,0,0,0,0,0},
                       //- 44.1k sample rate
                       {1,31187,-14933,-29871,13612,2,2,2,17106,0,0,0,0,0,0},
                       //- 48k sample rate
                       {1,31320,-15047,-30098,13820,2,2,2,17050,0,0,0,0,0,0}
                     },
                     #endif
                   #endif
                   
                     //- set 4
                     ENABLE_DEFAULT_A2DP_PEQ_100HZ_CONFIG, //peq_100Hz_a2dp_set_enable
                   #ifdef PEQ_UNDER_100HZ_ENABLE
                     #if ENABLE_DEFAULT_A2DP_PEQ_100HZ_CONFIG
                     {
                       //- 32k sample rate
                       {1,30558,-14417,-28836,12681,2,2,2,17363,0,0,0,0,0,0},
                       //- 44.1k sample rate
                       {1,31187,-14933,-29871,13612,2,2,2,17106,0,0,0,0,0,0},
                       //- 48k sample rate
                       {1,31320,-15047,-30098,13820,2,2,2,17050,0,0,0,0,0,0}
                     },
                     #endif
                   #endif
                   
                     //- set 5
                     ENABLE_DEFAULT_A2DP_PEQ_100HZ_CONFIG, //peq_100Hz_a2dp_set_enable
                   #ifdef PEQ_UNDER_100HZ_ENABLE
C251 COMPILER V5.57.0,  sector_dsp_peq_param_type                                          08/11/20  06:32:21  PAGE 8   

                     #if ENABLE_DEFAULT_A2DP_PEQ_100HZ_CONFIG
                     {
                       //- 32k sample rate
                       {1,30558,-14417,-28836,12681,2,2,2,17363,0,0,0,0,0,0},
                       //- 44.1k sample rate
                       {1,31187,-14933,-29871,13612,2,2,2,17106,0,0,0,0,0,0},
                       //- 48k sample rate
                       {1,31320,-15047,-30098,13820,2,2,2,17050,0,0,0,0,0,0}
                     }
                     #endif
                   #endif
                   },
                 #endif
  403              
  404              ///////////////////////////////////////// line-in mode ////////////////////////////////////////////////
             -//////
  405            #if NUM_OF_DEFAULT_LINEIN_PEQ_CONFIG
                   {
                     //- set 1
                     ENABLE_DEFAULT_LINEIN_PEQ_100HZ_CONFIG, //peq_100Hz_linein_set_enable
                   #ifdef PEQ_UNDER_100HZ_ENABLE
                     #if ENABLE_DEFAULT_LINEIN_PEQ_100HZ_CONFIG
                     { //1KHz +0dB
                       //- 32k sample rate
                       {2,29204,-13052 ,32339,-15971,-29828,13681,-31938,15570,2,2,2,2,1,32485},
                       //- 44.1k sample rate
                       {2,30159,-13901,32459,-16083,-30637,14380,-32165,15789,2,2,2,2,1,32552},
                       //- 48k sample rate
                       {2,30366,-14089,32484,-16108,-30810,14534,-32214,15837,2,2,2,2,1,32567}
                     },
                     #endif
                   #endif
                   
                     //- set 2
                     ENABLE_DEFAULT_LINEIN_PEQ_100HZ_CONFIG, //peq_100Hz_linein_set_enable
                   #ifdef PEQ_UNDER_100HZ_ENABLE
                     #if ENABLE_DEFAULT_LINEIN_PEQ_100HZ_CONFIG
                     { //1KHz +3dB
                       //- 32k sample rate
                       {2,29204,-13052 ,32339,-15971,-29828,13681,-31938,15570,2,2,2,2,1,32485},
                       //- 44.1k sample rate
                       {2,30159,-13901,32459,-16083,-30637,14380,-32165,15789,2,2,2,2,1,32552},
                       //- 48k sample rate
                       {2,30366,-14089,32484,-16108,-30810,14534,-32214,15837,2,2,2,2,1,32567}
                     },
                     #endif
                   #endif
                   
                     //- set 3
                     ENABLE_DEFAULT_LINEIN_PEQ_100HZ_CONFIG, //peq_100Hz_linein_set_enable
                   #ifdef PEQ_UNDER_100HZ_ENABLE
                     #if ENABLE_DEFAULT_LINEIN_PEQ_100HZ_CONFIG
                     { //1KHz -3dB
                       //- 32k sample rate
                       {2,29204,-13052 ,32339,-15971,-29828,13681,-31938,15570,2,2,2,2,1,32485},
                       //- 44.1k sample rate
                       {2,30159,-13901,32459,-16083,-30637,14380,-32165,15789,2,2,2,2,1,32552},
                       //- 48k sample rate
                       {2,30366,-14089,32484,-16108,-30810,14534,-32214,15837,2,2,2,2,1,32567}
                     },
                     #endif
                   #endif
                   
                     //- set 4
                     ENABLE_DEFAULT_LINEIN_PEQ_100HZ_CONFIG, //peq_100Hz_linein_set_enable
                   #ifdef PEQ_UNDER_100HZ_ENABLE
C251 COMPILER V5.57.0,  sector_dsp_peq_param_type                                          08/11/20  06:32:21  PAGE 9   

                     #if ENABLE_DEFAULT_LINEIN_PEQ_100HZ_CONFIG
                     {
                       //- 32k sample rate
                       {2,29204,-13052 ,32339,-15971,-29828,13681,-31938,15570,2,2,2,2,1,32485},
                       //- 44.1k sample rate
                       {2,30159,-13901,32459,-16083,-30637,14380,-32165,15789,2,2,2,2,1,32552},
                       //- 48k sample rate
                       {2,30366,-14089,32484,-16108,-30810,14534,-32214,15837,2,2,2,2,1,32567}
                     },
                     #endif
                   #endif
                   
                     //- set 5
                     ENABLE_DEFAULT_LINEIN_PEQ_100HZ_CONFIG, //peq_100Hz_linein_set_enable
                   #ifdef PEQ_UNDER_100HZ_ENABLE
                     #if ENABLE_DEFAULT_LINEIN_PEQ_100HZ_CONFIG
                     {
                       //- 32k sample rate
                       {2,29204,-13052 ,32339,-15971,-29828,13681,-31938,15570,2,2,2,2,1,32485},
                       //- 44.1k sample rate
                       {2,30159,-13901,32459,-16083,-30637,14380,-32165,15789,2,2,2,2,1,32552},
                       //- 48k sample rate
                       {2,30366,-14089,32484,-16108,-30810,14534,-32214,15837,2,2,2,2,1,32567}
                     }
                     #endif
                   #endif
                   }
                 #endif
  483            },
  484          
  485            //- CRC
  486              {0,0}
  487          };
  488          
  489          #endif


Module Information          Static   Overlayable
------------------------------------------------
  code size            =    ------     ------
  ecode size           =    ------     ------
  data size            =    ------     ------
  idata size           =    ------     ------
  pdata size           =    ------     ------
  xdata size           =    ------     ------
  xdata-const size     =    ------     ------
  edata size           =    ------     ------
  bit size             =    ------     ------
  ebit size            =    ------     ------
  bitaddressable size  =    ------     ------
  ebitaddressable size =    ------     ------
  far data size        =    ------     ------
  huge data size       =    ------     ------
  const size           =    ------     ------
  hconst size          =         6     ------
End of Module Information.


C251 COMPILATION COMPLETE.  0 WARNING(S),  0 ERROR(S)
